{"numFailedTestSuites":5,"numFailedTests":15,"numPassedTestSuites":15,"numPassedTests":150,"numPendingTestSuites":0,"numPendingTests":0,"numRuntimeErrorTestSuites":0,"numTodoTests":0,"numTotalTestSuites":20,"numTotalTests":165,"openHandles":[],"snapshot":{"added":0,"didUpdate":false,"failure":false,"filesAdded":0,"filesRemoved":0,"filesRemovedList":[],"filesUnmatched":0,"filesUpdated":0,"matched":0,"total":0,"unchecked":0,"uncheckedKeysByFile":[],"unmatched":0,"updated":0},"startTime":1788793028523,"success":false,"testResults":[{"assertionResults":[{"ancestorTitles":["Project Deletion Safety & Resource Lifecycle Unit Tests","1. Nonexistent Project Deletion"],"duration":110,"failureDetails":[],"failureMessages":[],"fullName":"Project Deletion Safety & Resource Lifecycle Unit Tests 1. Nonexistent Project Deletion Deleting a non-existent project throws 404 Not Found","invocations":1,"location":null,"numPassingAsserts":4,"retryReasons":[],"status":"passed","title":"Deleting a non-existent project throws 404 Not Found"},{"ancestorTitles":["Project Deletion Safety & Resource Lifecycle Unit Tests","2. Custom Domains Cleanup"],"duration":5,"failureDetails":[],"failureMessages":[],"fullName":"Project Deletion Safety & Resource Lifecycle Unit Tests 2. Custom Domains Cleanup Deleting a project cleans up all associated custom domains","invocations":1,"location":null,"numPassingAsserts":3,"retryReasons":[],"status":"passed","title":"Deleting a project cleans up all associated custom domains"},{"ancestorTitles":["Project Deletion Safety & Resource Lifecycle Unit Tests","3. Historical Deployments Retention Behavior"],"duration":3,"failureDetails":[],"failureMessages":[],"fullName":"Project Deletion Safety & Resource Lifecycle Unit Tests 3. Historical Deployments Retention Behavior Historical ready/failed deployments are retained when project is deleted","invocations":1,"location":null,"numPassingAsserts":2,"retryReasons":[],"status":"passed","title":"Historical ready/failed deployments are retained when project is deleted"},{"ancestorTitles":["Project Deletion Safety & Resource Lifecycle Unit Tests","4. Active Deployment Safe Cancellation & Container Cleanup"],"duration":6,"failureDetails":[],"failureMessages":[],"fullName":"Project Deletion Safety & Resource Lifecycle Unit Tests 4. Active Deployment Safe Cancellation & Container Cleanup Deleting a project with active (queued/building) deployment safely cancels it and stops containers","invocations":1,"location":null,"numPassingAsserts":12,"retryReasons":[],"status":"passed","title":"Deleting a project with active (queued/building) deployment safely cancels it and stops containers"},{"ancestorTitles":["Project Deletion Safety & Resource Lifecycle Unit Tests","5. Transaction and Consistency Fallback"],"duration":6,"failureDetails":[{"matcherResult":{"message":"expect(jest.fn()).toHaveBeenCalled()\n\nExpected number of calls: >= 1\nReceived number of calls:    0","pass":false}}],"failureMessages":["Error: expect(jest.fn()).toHaveBeenCalled()\n\nExpected number of calls: >= 1\nReceived number of calls:    0\n    at Object.toHaveBeenCalled (C:\\Full Stack\\All Resume Projects\\deployx\\backend\\tests\\unit\\project_deletion_safety.unit.test.js:146:43)\n    at processTicksAndRejections (node:internal/process/task_queues:103:5)"],"fullName":"Project Deletion Safety & Resource Lifecycle Unit Tests 5. Transaction and Consistency Fallback Uses MongoDB transaction session when available","invocations":1,"location":null,"numPassingAsserts":1,"retryReasons":[],"status":"failed","title":"Uses MongoDB transaction session when available"},{"ancestorTitles":["Project Deletion Safety & Resource Lifecycle Unit Tests","5. Transaction and Consistency Fallback"],"duration":2,"failureDetails":[],"failureMessages":[],"fullName":"Project Deletion Safety & Resource Lifecycle Unit Tests 5. Transaction and Consistency Fallback Falls back gracefully to sequential deletion on standalone MongoDB without replica set","invocations":1,"location":null,"numPassingAsserts":3,"retryReasons":[],"status":"passed","title":"Falls back gracefully to sequential deletion on standalone MongoDB without replica set"}],"endTime":1788793036392,"message":"  ● Project Deletion Safety & Resource Lifecycle Unit Tests › 5. Transaction and Consistency Fallback › Uses MongoDB transaction session when available\n\n    expect(jest.fn()).toHaveBeenCalled()\n\n    Expected number of calls: >= 1\n    Received number of calls:    0\n\n    \u001b[0m \u001b[90m 144 |\u001b[39m\n     \u001b[90m 145 |\u001b[39m       expect(result)\u001b[33m.\u001b[39mtoEqual({ success\u001b[33m:\u001b[39m \u001b[36mtrue\u001b[39m })\u001b[33m;\u001b[39m\n    \u001b[31m\u001b[1m>\u001b[22m\u001b[39m\u001b[90m 146 |\u001b[39m       expect(mockSession\u001b[33m.\u001b[39mwithTransaction)\u001b[33m.\u001b[39mtoHaveBeenCalled()\u001b[33m;\u001b[39m\n     \u001b[90m     |\u001b[39m                                           \u001b[31m\u001b[1m^\u001b[22m\u001b[39m\n     \u001b[90m 147 |\u001b[39m       expect(mockSession\u001b[33m.\u001b[39mendSession)\u001b[33m.\u001b[39mtoHaveBeenCalled()\u001b[33m;\u001b[39m\n     \u001b[90m 148 |\u001b[39m\n     \u001b[90m 149 |\u001b[39m       startSessionSpy\u001b[33m.\u001b[39mmockRestore()\u001b[33m;\u001b[39m\u001b[0m\n\n      at Object.toHaveBeenCalled (tests/unit/project_deletion_safety.unit.test.js:146:43)\n","name":"C:\\Full Stack\\All Resume Projects\\deployx\\backend\\tests\\unit\\project_deletion_safety.unit.test.js","startTime":1788793029178,"status":"failed","summary":""},{"assertionResults":[{"ancestorTitles":["Resource Cleanup Worker Unit Tests"],"duration":33,"failureDetails":[],"failureMessages":[],"fullName":"Resource Cleanup Worker Unit Tests Referenced production or domain-targeted artifacts are retained","invocations":1,"location":null,"numPassingAsserts":3,"retryReasons":[],"status":"passed","title":"Referenced production or domain-targeted artifacts are retained"},{"ancestorTitles":["Resource Cleanup Worker Unit Tests"],"duration":7,"failureDetails":[{"matcherResult":{"message":"expect(jest.fn()).toHaveBeenCalledWith(...expected)\n\nExpected: \"key-term\"\n\nNumber of calls: 0","pass":false}}],"failureMessages":["Error: expect(jest.fn()).toHaveBeenCalledWith(...expected)\n\nExpected: \"key-term\"\n\nNumber of calls: 0\n    at Object.toHaveBeenCalledWith (C:\\Full Stack\\All Resume Projects\\deployx\\backend\\tests\\unit\\resource_cleanup.unit.test.js:139:23)\n    at processTicksAndRejections (node:internal/process/task_queues:103:5)"],"fullName":"Resource Cleanup Worker Unit Tests Orphaned or terminal state artifacts are successfully deleted from storage and DB","invocations":1,"location":null,"numPassingAsserts":0,"retryReasons":[],"status":"failed","title":"Orphaned or terminal state artifacts are successfully deleted from storage and DB"},{"ancestorTitles":["Resource Cleanup Worker Unit Tests"],"duration":6,"failureDetails":[{"matcherResult":{"message":"expect(jest.fn()).not.toHaveBeenCalled()\n\nExpected number of calls: 0\nReceived number of calls: 1\n\n1: \"art-fail-delete\"","pass":true}}],"failureMessages":["Error: expect(jest.fn()).not.toHaveBeenCalled()\n\nExpected number of calls: 0\nReceived number of calls: 1\n\n1: \"art-fail-delete\"\n    at Object.toHaveBeenCalled (C:\\Full Stack\\All Resume Projects\\deployx\\backend\\tests\\unit\\resource_cleanup.unit.test.js:172:44)\n    at processTicksAndRejections (node:internal/process/task_queues:103:5)"],"fullName":"Resource Cleanup Worker Unit Tests Failed storage deletion retains DB metadata","invocations":1,"location":null,"numPassingAsserts":0,"retryReasons":[],"status":"failed","title":"Failed storage deletion retains DB metadata"},{"ancestorTitles":["Resource Cleanup Worker Unit Tests"],"duration":3,"failureDetails":[{"matcherResult":{"message":"expect(jest.fn()).toHaveBeenCalledWith(...expected)\n\nExpected: \"build-container-id\"\n\nNumber of calls: 0","pass":false}}],"failureMessages":["Error: expect(jest.fn()).toHaveBeenCalledWith(...expected)\n\nExpected: \"build-container-id\"\n\nNumber of calls: 0\n    at Object.toHaveBeenCalledWith (C:\\Full Stack\\All Resume Projects\\deployx\\backend\\tests\\unit\\resource_cleanup.unit.test.js:211:30)\n    at processTicksAndRejections (node:internal/process/task_queues:103:5)"],"fullName":"Resource Cleanup Worker Unit Tests Active runtime containers are not removed by resource cleanup","invocations":1,"location":null,"numPassingAsserts":0,"retryReasons":[],"status":"failed","title":"Active runtime containers are not removed by resource cleanup"}],"endTime":1788793037205,"message":"  ● Resource Cleanup Worker Unit Tests › Orphaned or terminal state artifacts are successfully deleted from storage and DB\n\n    expect(jest.fn()).toHaveBeenCalledWith(...expected)\n\n    Expected: \"key-term\"\n\n    Number of calls: 0\n\n    \u001b[0m \u001b[90m 137 |\u001b[39m     \u001b[36mawait\u001b[39m runCleanup()\u001b[33m;\u001b[39m\n     \u001b[90m 138 |\u001b[39m\n    \u001b[31m\u001b[1m>\u001b[22m\u001b[39m\u001b[90m 139 |\u001b[39m     expect(deleteSpy)\u001b[33m.\u001b[39mtoHaveBeenCalledWith(\u001b[32m'key-term'\u001b[39m)\u001b[33m;\u001b[39m\n     \u001b[90m     |\u001b[39m                       \u001b[31m\u001b[1m^\u001b[22m\u001b[39m\n     \u001b[90m 140 |\u001b[39m     expect(\u001b[33mArtifact\u001b[39m\u001b[33m.\u001b[39mfindByIdAndDelete)\u001b[33m.\u001b[39mtoHaveBeenCalledWith(\u001b[32m'art-terminal'\u001b[39m)\u001b[33m;\u001b[39m\n     \u001b[90m 141 |\u001b[39m     expect(\u001b[33mDeployment\u001b[39m\u001b[33m.\u001b[39mfindByIdAndUpdate)\u001b[33m.\u001b[39mtoHaveBeenCalledWith(\u001b[32m'dep-term'\u001b[39m\u001b[33m,\u001b[39m { $unset\u001b[33m:\u001b[39m { artifact\u001b[33m:\u001b[39m \u001b[32m''\u001b[39m } })\u001b[33m;\u001b[39m\n     \u001b[90m 142 |\u001b[39m   })\u001b[33m;\u001b[39m\u001b[0m\n\n      at Object.toHaveBeenCalledWith (tests/unit/resource_cleanup.unit.test.js:139:23)\n\n  ● Resource Cleanup Worker Unit Tests › Failed storage deletion retains DB metadata\n\n    expect(jest.fn()).not.toHaveBeenCalled()\n\n    Expected number of calls: 0\n    Received number of calls: 1\n\n    1: \"art-fail-delete\"\n\n    \u001b[0m \u001b[90m 170 |\u001b[39m     \u001b[36mawait\u001b[39m runCleanup()\u001b[33m;\u001b[39m\n     \u001b[90m 171 |\u001b[39m\n    \u001b[31m\u001b[1m>\u001b[22m\u001b[39m\u001b[90m 172 |\u001b[39m     expect(\u001b[33mArtifact\u001b[39m\u001b[33m.\u001b[39mfindByIdAndDelete)\u001b[33m.\u001b[39mnot\u001b[33m.\u001b[39mtoHaveBeenCalled()\u001b[33m;\u001b[39m\n     \u001b[90m     |\u001b[39m                                            \u001b[31m\u001b[1m^\u001b[22m\u001b[39m\n     \u001b[90m 173 |\u001b[39m   })\u001b[33m;\u001b[39m\n     \u001b[90m 174 |\u001b[39m\n     \u001b[90m 175 |\u001b[39m   test(\u001b[32m'Active runtime containers are not removed by resource cleanup'\u001b[39m\u001b[33m,\u001b[39m \u001b[36masync\u001b[39m () \u001b[33m=>\u001b[39m {\u001b[0m\n\n      at Object.toHaveBeenCalled (tests/unit/resource_cleanup.unit.test.js:172:44)\n\n  ● Resource Cleanup Worker Unit Tests › Active runtime containers are not removed by resource cleanup\n\n    expect(jest.fn()).toHaveBeenCalledWith(...expected)\n\n    Expected: \"build-container-id\"\n\n    Number of calls: 0\n\n    \u001b[0m \u001b[90m 209 |\u001b[39m     \u001b[36mawait\u001b[39m runCleanup()\u001b[33m;\u001b[39m\n     \u001b[90m 210 |\u001b[39m\n    \u001b[31m\u001b[1m>\u001b[22m\u001b[39m\u001b[90m 211 |\u001b[39m     expect(mockGetContainer)\u001b[33m.\u001b[39mtoHaveBeenCalledWith(\u001b[32m'build-container-id'\u001b[39m)\u001b[33m;\u001b[39m\n     \u001b[90m     |\u001b[39m                              \u001b[31m\u001b[1m^\u001b[22m\u001b[39m\n     \u001b[90m 212 |\u001b[39m     expect(mockGetContainer)\u001b[33m.\u001b[39mnot\u001b[33m.\u001b[39mtoHaveBeenCalledWith(\u001b[32m'runtime-container-id'\u001b[39m)\u001b[33m;\u001b[39m\n     \u001b[90m 213 |\u001b[39m     expect(mockRemove)\u001b[33m.\u001b[39mtoHaveBeenCalledTimes(\u001b[35m1\u001b[39m)\u001b[33m;\u001b[39m\n     \u001b[90m 214 |\u001b[39m   })\u001b[33m;\u001b[39m\u001b[0m\n\n      at Object.toHaveBeenCalledWith (tests/unit/resource_cleanup.unit.test.js:211:30)\n","name":"C:\\Full Stack\\All Resume Projects\\deployx\\backend\\tests\\unit\\resource_cleanup.unit.test.js","startTime":1788793029314,"status":"failed","summary":""},{"assertionResults":[{"ancestorTitles":["Admin Deployments Unit Tests","1. Deployment Listing & Filtering"],"duration":72,"failureDetails":[],"failureMessages":[],"fullName":"Admin Deployments Unit Tests 1. Deployment Listing & Filtering listDeployments maps real duration, status, and artifact size","invocations":1,"location":null,"numPassingAsserts":7,"retryReasons":[],"status":"passed","title":"listDeployments maps real duration, status, and artifact size"},{"ancestorTitles":["Admin Deployments Unit Tests","1. Deployment Listing & Filtering"],"duration":7,"failureDetails":[],"failureMessages":[],"fullName":"Admin Deployments Unit Tests 1. Deployment Listing & Filtering listDeployments translates frontend status filters to backend schema","invocations":1,"location":null,"numPassingAsserts":3,"retryReasons":[],"status":"passed","title":"listDeployments translates frontend status filters to backend schema"},{"ancestorTitles":["Admin Deployments Unit Tests","2. Deployment Retrieval & Measured Artifact Metadata"],"duration":85,"failureDetails":[],"failureMessages":[],"fullName":"Admin Deployments Unit Tests 2. Deployment Retrieval & Measured Artifact Metadata getDeployment builds real execution timeline and returns measured artifact details","invocations":1,"location":null,"numPassingAsserts":11,"retryReasons":[],"status":"passed","title":"getDeployment builds real execution timeline and returns measured artifact details"},{"ancestorTitles":["Admin Deployments Unit Tests","2. Deployment Retrieval & Measured Artifact Metadata"],"duration":75,"failureDetails":[],"failureMessages":[],"fullName":"Admin Deployments Unit Tests 2. Deployment Retrieval & Measured Artifact Metadata getDeployment throws 404 for nonexistent deployment","invocations":1,"location":null,"numPassingAsserts":1,"retryReasons":[],"status":"passed","title":"getDeployment throws 404 for nonexistent deployment"},{"ancestorTitles":["Admin Deployments Unit Tests","3. Deployment Cancellation & Safety Rules"],"duration":71,"failureDetails":[],"failureMessages":[],"fullName":"Admin Deployments Unit Tests 3. Deployment Cancellation & Safety Rules cancel queued deployment transitions to cancelled and stops container","invocations":1,"location":null,"numPassingAsserts":5,"retryReasons":[],"status":"passed","title":"cancel queued deployment transitions to cancelled and stops container"},{"ancestorTitles":["Admin Deployments Unit Tests","3. Deployment Cancellation & Safety Rules"],"duration":5,"failureDetails":[],"failureMessages":[],"fullName":"Admin Deployments Unit Tests 3. Deployment Cancellation & Safety Rules cancel building deployment transitions to cancelled and cleans container","invocations":1,"location":null,"numPassingAsserts":2,"retryReasons":[],"status":"passed","title":"cancel building deployment transitions to cancelled and cleans container"},{"ancestorTitles":["Admin Deployments Unit Tests","3. Deployment Cancellation & Safety Rules"],"duration":2,"failureDetails":[],"failureMessages":[],"fullName":"Admin Deployments Unit Tests 3. Deployment Cancellation & Safety Rules cancel completed deployment rejects with 400 Bad Request","invocations":1,"location":null,"numPassingAsserts":1,"retryReasons":[],"status":"passed","title":"cancel completed deployment rejects with 400 Bad Request"},{"ancestorTitles":["Admin Deployments Unit Tests","3. Deployment Cancellation & Safety Rules"],"duration":4,"failureDetails":[],"failureMessages":[],"fullName":"Admin Deployments Unit Tests 3. Deployment Cancellation & Safety Rules cancel failed deployment rejects with 400 Bad Request","invocations":1,"location":null,"numPassingAsserts":1,"retryReasons":[],"status":"passed","title":"cancel failed deployment rejects with 400 Bad Request"},{"ancestorTitles":["Admin Deployments Unit Tests","3. Deployment Cancellation & Safety Rules"],"duration":34,"failureDetails":[],"failureMessages":[],"fullName":"Admin Deployments Unit Tests 3. Deployment Cancellation & Safety Rules cancel nonexistent deployment throws 404","invocations":1,"location":null,"numPassingAsserts":1,"retryReasons":[],"status":"passed","title":"cancel nonexistent deployment throws 404"},{"ancestorTitles":["Admin Deployments Unit Tests","4. Deployment Deletion & Artifact Cleanup"],"duration":34,"failureDetails":[{"matcherResult":{"message":"expect(jest.fn()).toHaveBeenCalledWith(...expected)\n\nExpected: {\"_id\": \"art-del\"}\n\nNumber of calls: 0","pass":false}}],"failureMessages":["Error: expect(jest.fn()).toHaveBeenCalledWith(...expected)\n\nExpected: {\"_id\": \"art-del\"}\n\nNumber of calls: 0\n    at Object.toHaveBeenCalledWith (C:\\Full Stack\\All Resume Projects\\deployx\\backend\\tests\\unit\\admin_deployments.unit.test.js:237:34)\n    at processTicksAndRejections (node:internal/process/task_queues:103:5)"],"fullName":"Admin Deployments Unit Tests 4. Deployment Deletion & Artifact Cleanup deleteDeployment removes container, artifact, logs, and deployment record","invocations":1,"location":null,"numPassingAsserts":2,"retryReasons":[],"status":"failed","title":"deleteDeployment removes container, artifact, logs, and deployment record"},{"ancestorTitles":["Admin Deployments Unit Tests","4. Deployment Deletion & Artifact Cleanup"],"duration":2,"failureDetails":[],"failureMessages":[],"fullName":"Admin Deployments Unit Tests 4. Deployment Deletion & Artifact Cleanup deleteDeployment throws 404 for nonexistent deployment","invocations":1,"location":null,"numPassingAsserts":1,"retryReasons":[],"status":"passed","title":"deleteDeployment throws 404 for nonexistent deployment"},{"ancestorTitles":["Admin Deployments Unit Tests","5. Deployment Logs Authorization"],"duration":3,"failureDetails":[],"failureMessages":[],"fullName":"Admin Deployments Unit Tests 5. Deployment Logs Authorization Admin user can view logs for any deployment","invocations":1,"location":null,"numPassingAsserts":2,"retryReasons":[],"status":"passed","title":"Admin user can view logs for any deployment"},{"ancestorTitles":["Admin Deployments Unit Tests","5. Deployment Logs Authorization"],"duration":15,"failureDetails":[{"matcherResult":{"message":"expect(received).rejects.toThrow(expected)\n\nExpected substring: \"You do not have permission to view logs for this deployment\"\nReceived message:   \"403\"\n\n    \u001b[0m \u001b[90m 20 |\u001b[39m   \u001b[36mconst\u001b[39m isAdmin \u001b[33m=\u001b[39m req\u001b[33m.\u001b[39muser \u001b[33m&&\u001b[39m (req\u001b[33m.\u001b[39muser\u001b[33m.\u001b[39mrole \u001b[33m===\u001b[39m \u001b[32m'admin'\u001b[39m \u001b[33m||\u001b[39m req\u001b[33m.\u001b[39muser\u001b[33m.\u001b[39mrole \u001b[33m===\u001b[39m \u001b[33mROLES\u001b[39m\u001b[33m.\u001b[39m\u001b[33mADMIN\u001b[39m)\u001b[33m;\u001b[39m\n     \u001b[90m 21 |\u001b[39m   \u001b[36mif\u001b[39m (\u001b[33m!\u001b[39mrequestUserId \u001b[33m||\u001b[39m (deployment\u001b[33m.\u001b[39mowner\u001b[33m.\u001b[39mtoString() \u001b[33m!==\u001b[39m requestUserId\u001b[33m.\u001b[39mtoString() \u001b[33m&&\u001b[39m \u001b[33m!\u001b[39misAdmin)) {\n    \u001b[31m\u001b[1m>\u001b[22m\u001b[39m\u001b[90m 22 |\u001b[39m     \u001b[36mthrow\u001b[39m \u001b[36mnew\u001b[39m \u001b[33mApiError\u001b[39m(\u001b[35m403\u001b[39m\u001b[33m,\u001b[39m \u001b[32m'You do not have permission to view logs for this deployment'\u001b[39m)\u001b[33m;\u001b[39m\n     \u001b[90m    |\u001b[39m           \u001b[31m\u001b[1m^\u001b[22m\u001b[39m\n     \u001b[90m 23 |\u001b[39m   }\n     \u001b[90m 24 |\u001b[39m\n     \u001b[90m 25 |\u001b[39m   \u001b[90m// 3. Fetch logs\u001b[39m\u001b[0m\n\n      at Object.<anonymous>.exports.getDeploymentLogs (src/modules/logs/controllers/deploymentLog.controller.js:22:11)\n      at Object.<anonymous> (tests/unit/admin_deployments.unit.test.js:283:7)","pass":false},"message":"expect(received).rejects.toThrow(expected)\n\nExpected substring: \"You do not have permission to view logs for this deployment\"\nReceived message:   \"403\"\n\n    \u001b[0m \u001b[90m 20 |\u001b[39m   \u001b[36mconst\u001b[39m isAdmin \u001b[33m=\u001b[39m req\u001b[33m.\u001b[39muser \u001b[33m&&\u001b[39m (req\u001b[33m.\u001b[39muser\u001b[33m.\u001b[39mrole \u001b[33m===\u001b[39m \u001b[32m'admin'\u001b[39m \u001b[33m||\u001b[39m req\u001b[33m.\u001b[39muser\u001b[33m.\u001b[39mrole \u001b[33m===\u001b[39m \u001b[33mROLES\u001b[39m\u001b[33m.\u001b[39m\u001b[33mADMIN\u001b[39m)\u001b[33m;\u001b[39m\n     \u001b[90m 21 |\u001b[39m   \u001b[36mif\u001b[39m (\u001b[33m!\u001b[39mrequestUserId \u001b[33m||\u001b[39m (deployment\u001b[33m.\u001b[39mowner\u001b[33m.\u001b[39mtoString() \u001b[33m!==\u001b[39m requestUserId\u001b[33m.\u001b[39mtoString() \u001b[33m&&\u001b[39m \u001b[33m!\u001b[39misAdmin)) {\n    \u001b[31m\u001b[1m>\u001b[22m\u001b[39m\u001b[90m 22 |\u001b[39m     \u001b[36mthrow\u001b[39m \u001b[36mnew\u001b[39m \u001b[33mApiError\u001b[39m(\u001b[35m403\u001b[39m\u001b[33m,\u001b[39m \u001b[32m'You do not have permission to view logs for this deployment'\u001b[39m)\u001b[33m;\u001b[39m\n     \u001b[90m    |\u001b[39m           \u001b[31m\u001b[1m^\u001b[22m\u001b[39m\n     \u001b[90m 23 |\u001b[39m   }\n     \u001b[90m 24 |\u001b[39m\n     \u001b[90m 25 |\u001b[39m   \u001b[90m// 3. Fetch logs\u001b[39m\u001b[0m\n\n      at Object.<anonymous>.exports.getDeploymentLogs (src/modules/logs/controllers/deploymentLog.controller.js:22:11)\n      at Object.<anonymous> (tests/unit/admin_deployments.unit.test.js:283:7)"}],"failureMessages":["Error: expect(received).rejects.toThrow(expected)\n\nExpected substring: \"You do not have permission to view logs for this deployment\"\nReceived message:   \"403\"\n\n    \u001b[0m \u001b[90m 20 |\u001b[39m   \u001b[36mconst\u001b[39m isAdmin \u001b[33m=\u001b[39m req\u001b[33m.\u001b[39muser \u001b[33m&&\u001b[39m (req\u001b[33m.\u001b[39muser\u001b[33m.\u001b[39mrole \u001b[33m===\u001b[39m \u001b[32m'admin'\u001b[39m \u001b[33m||\u001b[39m req\u001b[33m.\u001b[39muser\u001b[33m.\u001b[39mrole \u001b[33m===\u001b[39m \u001b[33mROLES\u001b[39m\u001b[33m.\u001b[39m\u001b[33mADMIN\u001b[39m)\u001b[33m;\u001b[39m\n     \u001b[90m 21 |\u001b[39m   \u001b[36mif\u001b[39m (\u001b[33m!\u001b[39mrequestUserId \u001b[33m||\u001b[39m (deployment\u001b[33m.\u001b[39mowner\u001b[33m.\u001b[39mtoString() \u001b[33m!==\u001b[39m requestUserId\u001b[33m.\u001b[39mtoString() \u001b[33m&&\u001b[39m \u001b[33m!\u001b[39misAdmin)) {\n    \u001b[31m\u001b[1m>\u001b[22m\u001b[39m\u001b[90m 22 |\u001b[39m     \u001b[36mthrow\u001b[39m \u001b[36mnew\u001b[39m \u001b[33mApiError\u001b[39m(\u001b[35m403\u001b[39m\u001b[33m,\u001b[39m \u001b[32m'You do not have permission to view logs for this deployment'\u001b[39m)\u001b[33m;\u001b[39m\n     \u001b[90m    |\u001b[39m           \u001b[31m\u001b[1m^\u001b[22m\u001b[39m\n     \u001b[90m 23 |\u001b[39m   }\n     \u001b[90m 24 |\u001b[39m\n     \u001b[90m 25 |\u001b[39m   \u001b[90m// 3. Fetch logs\u001b[39m\u001b[0m\n\n      at Object.<anonymous>.exports.getDeploymentLogs (src/modules/logs/controllers/deploymentLog.controller.js:22:11)\n      at Object.<anonymous> (tests/unit/admin_deployments.unit.test.js:283:7)\n    at Object.toThrow (C:\\Full Stack\\All Resume Projects\\deployx\\backend\\node_modules\\expect\\build\\index.js:218:22)\n    at Object.toThrow (C:\\Full Stack\\All Resume Projects\\deployx\\backend\\tests\\unit\\admin_deployments.unit.test.js:283:57)\n    at Promise.then.completed (C:\\Full Stack\\All Resume Projects\\deployx\\backend\\node_modules\\jest-circus\\build\\utils.js:298:28)\n    at new Promise (<anonymous>)\n    at callAsyncCircusFn (C:\\Full Stack\\All Resume Projects\\deployx\\backend\\node_modules\\jest-circus\\build\\utils.js:231:10)\n    at _callCircusTest (C:\\Full Stack\\All Resume Projects\\deployx\\backend\\node_modules\\jest-circus\\build\\run.js:316:40)\n    at processTicksAndRejections (node:internal/process/task_queues:103:5)\n    at _runTest (C:\\Full Stack\\All Resume Projects\\deployx\\backend\\node_modules\\jest-circus\\build\\run.js:252:3)\n    at _runTestsForDescribeBlock (C:\\Full Stack\\All Resume Projects\\deployx\\backend\\node_modules\\jest-circus\\build\\run.js:126:9)\n    at _runTestsForDescribeBlock (C:\\Full Stack\\All Resume Projects\\deployx\\backend\\node_modules\\jest-circus\\build\\run.js:121:9)\n    at _runTestsForDescribeBlock (C:\\Full Stack\\All Resume Projects\\deployx\\backend\\node_modules\\jest-circus\\build\\run.js:121:9)\n    at run (C:\\Full Stack\\All Resume Projects\\deployx\\backend\\node_modules\\jest-circus\\build\\run.js:71:3)\n    at runAndTransformResultsToJestFormat (C:\\Full Stack\\All Resume Projects\\deployx\\backend\\node_modules\\jest-circus\\build\\legacy-code-todo-rewrite\\jestAdapterInit.js:122:21)\n    at jestAdapter (C:\\Full Stack\\All Resume Projects\\deployx\\backend\\node_modules\\jest-circus\\build\\legacy-code-todo-rewrite\\jestAdapter.js:79:19)\n    at runTestInternal (C:\\Full Stack\\All Resume Projects\\deployx\\backend\\node_modules\\jest-runner\\build\\runTest.js:367:16)\n    at runTest (C:\\Full Stack\\All Resume Projects\\deployx\\backend\\node_modules\\jest-runner\\build\\runTest.js:444:34)\n    at Object.worker (C:\\Full Stack\\All Resume Projects\\deployx\\backend\\node_modules\\jest-runner\\build\\testWorker.js:106:12)"],"fullName":"Admin Deployments Unit Tests 5. Deployment Logs Authorization Non-admin third party is rejected with 403 Forbidden","invocations":1,"location":null,"numPassingAsserts":0,"retryReasons":[],"status":"failed","title":"Non-admin third party is rejected with 403 Forbidden"}],"endTime":1788793037745,"message":"  ● Admin Deployments Unit Tests › 4. Deployment Deletion & Artifact Cleanup › deleteDeployment removes container, artifact, logs, and deployment record\n\n    expect(jest.fn()).toHaveBeenCalledWith(...expected)\n\n    Expected: {\"_id\": \"art-del\"}\n\n    Number of calls: 0\n\n    \u001b[0m \u001b[90m 235 |\u001b[39m       expect(result\u001b[33m.\u001b[39msuccess)\u001b[33m.\u001b[39mtoBe(\u001b[36mtrue\u001b[39m)\u001b[33m;\u001b[39m\n     \u001b[90m 236 |\u001b[39m       expect(\u001b[33mDockerClient\u001b[39m\u001b[33m.\u001b[39mstopDeploymentContainer)\u001b[33m.\u001b[39mtoHaveBeenCalledWith(\u001b[32m'dep-del'\u001b[39m)\u001b[33m;\u001b[39m\n    \u001b[31m\u001b[1m>\u001b[22m\u001b[39m\u001b[90m 237 |\u001b[39m       expect(\u001b[33mArtifact\u001b[39m\u001b[33m.\u001b[39mdeleteOne)\u001b[33m.\u001b[39mtoHaveBeenCalledWith({ _id\u001b[33m:\u001b[39m \u001b[32m'art-del'\u001b[39m })\u001b[33m;\u001b[39m\n     \u001b[90m     |\u001b[39m                                  \u001b[31m\u001b[1m^\u001b[22m\u001b[39m\n     \u001b[90m 238 |\u001b[39m       expect(\u001b[33mDeploymentLog\u001b[39m\u001b[33m.\u001b[39mdeleteMany)\u001b[33m.\u001b[39mtoHaveBeenCalledWith({ deployment\u001b[33m:\u001b[39m \u001b[32m'dep-del'\u001b[39m })\u001b[33m;\u001b[39m\n     \u001b[90m 239 |\u001b[39m       expect(\u001b[33mDeployment\u001b[39m\u001b[33m.\u001b[39mdeleteOne)\u001b[33m.\u001b[39mtoHaveBeenCalledWith({ _id\u001b[33m:\u001b[39m \u001b[32m'dep-del'\u001b[39m })\u001b[33m;\u001b[39m\n     \u001b[90m 240 |\u001b[39m     })\u001b[33m;\u001b[39m\u001b[0m\n\n      at Object.toHaveBeenCalledWith (tests/unit/admin_deployments.unit.test.js:237:34)\n\n  ● Admin Deployments Unit Tests › 5. Deployment Logs Authorization › Non-admin third party is rejected with 403 Forbidden\n\n    expect(received).rejects.toThrow(expected)\n\n    Expected substring: \"You do not have permission to view logs for this deployment\"\n    Received message:   \"403\"\n\n        \u001b[0m \u001b[90m 20 |\u001b[39m   \u001b[36mconst\u001b[39m isAdmin \u001b[33m=\u001b[39m req\u001b[33m.\u001b[39muser \u001b[33m&&\u001b[39m (req\u001b[33m.\u001b[39muser\u001b[33m.\u001b[39mrole \u001b[33m===\u001b[39m \u001b[32m'admin'\u001b[39m \u001b[33m||\u001b[39m req\u001b[33m.\u001b[39muser\u001b[33m.\u001b[39mrole \u001b[33m===\u001b[39m \u001b[33mROLES\u001b[39m\u001b[33m.\u001b[39m\u001b[33mADMIN\u001b[39m)\u001b[33m;\u001b[39m\n         \u001b[90m 21 |\u001b[39m   \u001b[36mif\u001b[39m (\u001b[33m!\u001b[39mrequestUserId \u001b[33m||\u001b[39m (deployment\u001b[33m.\u001b[39mowner\u001b[33m.\u001b[39mtoString() \u001b[33m!==\u001b[39m requestUserId\u001b[33m.\u001b[39mtoString() \u001b[33m&&\u001b[39m \u001b[33m!\u001b[39misAdmin)) {\n        \u001b[31m\u001b[1m>\u001b[22m\u001b[39m\u001b[90m 22 |\u001b[39m     \u001b[36mthrow\u001b[39m \u001b[36mnew\u001b[39m \u001b[33mApiError\u001b[39m(\u001b[35m403\u001b[39m\u001b[33m,\u001b[39m \u001b[32m'You do not have permission to view logs for this deployment'\u001b[39m)\u001b[33m;\u001b[39m\n         \u001b[90m    |\u001b[39m           \u001b[31m\u001b[1m^\u001b[22m\u001b[39m\n         \u001b[90m 23 |\u001b[39m   }\n         \u001b[90m 24 |\u001b[39m\n         \u001b[90m 25 |\u001b[39m   \u001b[90m// 3. Fetch logs\u001b[39m\u001b[0m\n\n      at Object.<anonymous>.exports.getDeploymentLogs (src/modules/logs/controllers/deploymentLog.controller.js:22:11)\n      at Object.<anonymous> (tests/unit/admin_deployments.unit.test.js:283:7)\n      at Object.toThrow (node_modules/expect/build/index.js:218:22)\n      at Object.toThrow (tests/unit/admin_deployments.unit.test.js:283:57)\n","name":"C:\\Full Stack\\All Resume Projects\\deployx\\backend\\tests\\unit\\admin_deployments.unit.test.js","startTime":1788793029161,"status":"failed","summary":""},{"assertionResults":[{"ancestorTitles":["Artifact Path Security Unit Tests","Path Traversal protection checks"],"duration":38,"failureDetails":[],"failureMessages":[],"fullName":"Artifact Path Security Unit Tests Path Traversal protection checks Rejects Simple traversal traversal: ../etc/passwd","invocations":1,"location":null,"numPassingAsserts":2,"retryReasons":[],"status":"passed","title":"Rejects Simple traversal traversal: ../etc/passwd"},{"ancestorTitles":["Artifact Path Security Unit Tests","Path Traversal protection checks"],"duration":2,"failureDetails":[],"failureMessages":[],"fullName":"Artifact Path Security Unit Tests Path Traversal protection checks Rejects Multi-level traversal traversal: ../../etc/passwd","invocations":1,"location":null,"numPassingAsserts":2,"retryReasons":[],"status":"passed","title":"Rejects Multi-level traversal traversal: ../../etc/passwd"},{"ancestorTitles":["Artifact Path Security Unit Tests","Path Traversal protection checks"],"duration":3,"failureDetails":[],"failureMessages":[],"fullName":"Artifact Path Security Unit Tests Path Traversal protection checks Rejects Backslash traversal traversal: ..\\etc\\passwd","invocations":1,"location":null,"numPassingAsserts":2,"retryReasons":[],"status":"passed","title":"Rejects Backslash traversal traversal: ..\\etc\\passwd"},{"ancestorTitles":["Artifact Path Security Unit Tests","Path Traversal protection checks"],"duration":2,"failureDetails":[],"failureMessages":[],"fullName":"Artifact Path Security Unit Tests Path Traversal protection checks Rejects Absolute path traversal: /etc/passwd","invocations":1,"location":null,"numPassingAsserts":2,"retryReasons":[],"status":"passed","title":"Rejects Absolute path traversal: /etc/passwd"},{"ancestorTitles":["Artifact Path Security Unit Tests","Path Traversal protection checks"],"duration":3,"failureDetails":[],"failureMessages":[],"fullName":"Artifact Path Security Unit Tests Path Traversal protection checks Rejects Null byte traversal: index.html\u0000.js","invocations":1,"location":null,"numPassingAsserts":2,"retryReasons":[],"status":"passed","title":"Rejects Null byte traversal: index.html\u0000.js"},{"ancestorTitles":["Artifact Path Security Unit Tests","Path Traversal protection checks"],"duration":2,"failureDetails":[],"failureMessages":[],"fullName":"Artifact Path Security Unit Tests Path Traversal protection checks Rejects Encoded traversal traversal: %2e%2e%2fetc%2fpasswd","invocations":1,"location":null,"numPassingAsserts":2,"retryReasons":[],"status":"passed","title":"Rejects Encoded traversal traversal: %2e%2e%2fetc%2fpasswd"},{"ancestorTitles":["Artifact Path Security Unit Tests","Path Traversal protection checks"],"duration":1,"failureDetails":[],"failureMessages":[],"fullName":"Artifact Path Security Unit Tests Path Traversal protection checks Rejects Double-encoded traversal traversal: %252e%252e%252fetc%252fpasswd","invocations":1,"location":null,"numPassingAsserts":2,"retryReasons":[],"status":"passed","title":"Rejects Double-encoded traversal traversal: %252e%252e%252fetc%252fpasswd"},{"ancestorTitles":["Artifact Path Security Unit Tests","Path Traversal protection checks"],"duration":1,"failureDetails":[],"failureMessages":[],"fullName":"Artifact Path Security Unit Tests Path Traversal protection checks Rejects Windows absolute path traversal: C:\\Windows\\System32","invocations":1,"location":null,"numPassingAsserts":2,"retryReasons":[],"status":"passed","title":"Rejects Windows absolute path traversal: C:\\Windows\\System32"},{"ancestorTitles":["Artifact Path Security Unit Tests","Path Traversal protection checks"],"duration":5012,"failureDetails":[{"message":"thrown: \"Exceeded timeout of 5000 ms for a test.\nAdd a timeout value to this test to increase the timeout, if this is a long-running test. See https://jestjs.io/docs/api#testname-fn-timeout.\""}],"failureMessages":["Error: thrown: \"Exceeded timeout of 5000 ms for a test.\nAdd a timeout value to this test to increase the timeout, if this is a long-running test. See https://jestjs.io/docs/api#testname-fn-timeout.\"\n    at test (C:\\Full Stack\\All Resume Projects\\deployx\\backend\\tests\\unit\\artifact_security.unit.test.js:37:5)\n    at _dispatchDescribe (C:\\Full Stack\\All Resume Projects\\deployx\\backend\\node_modules\\jest-circus\\build\\index.js:91:26)\n    at describe (C:\\Full Stack\\All Resume Projects\\deployx\\backend\\node_modules\\jest-circus\\build\\index.js:55:5)\n    at describe (C:\\Full Stack\\All Resume Projects\\deployx\\backend\\tests\\unit\\artifact_security.unit.test.js:19:3)\n    at _dispatchDescribe (C:\\Full Stack\\All Resume Projects\\deployx\\backend\\node_modules\\jest-circus\\build\\index.js:91:26)\n    at describe (C:\\Full Stack\\All Resume Projects\\deployx\\backend\\node_modules\\jest-circus\\build\\index.js:55:5)\n    at Object.describe (C:\\Full Stack\\All Resume Projects\\deployx\\backend\\tests\\unit\\artifact_security.unit.test.js:6:1)\n    at Runtime._execModule (C:\\Full Stack\\All Resume Projects\\deployx\\backend\\node_modules\\jest-runtime\\build\\index.js:1439:24)\n    at Runtime._loadModule (C:\\Full Stack\\All Resume Projects\\deployx\\backend\\node_modules\\jest-runtime\\build\\index.js:1022:12)\n    at Runtime.requireModule (C:\\Full Stack\\All Resume Projects\\deployx\\backend\\node_modules\\jest-runtime\\build\\index.js:882:12)\n    at jestAdapter (C:\\Full Stack\\All Resume Projects\\deployx\\backend\\node_modules\\jest-circus\\build\\legacy-code-todo-rewrite\\jestAdapter.js:77:13)\n    at processTicksAndRejections (node:internal/process/task_queues:103:5)\n    at runTestInternal (C:\\Full Stack\\All Resume Projects\\deployx\\backend\\node_modules\\jest-runner\\build\\runTest.js:367:16)\n    at runTest (C:\\Full Stack\\All Resume Projects\\deployx\\backend\\node_modules\\jest-runner\\build\\runTest.js:444:34)\n    at Object.worker (C:\\Full Stack\\All Resume Projects\\deployx\\backend\\node_modules\\jest-runner\\build\\testWorker.js:106:12)"],"fullName":"Artifact Path Security Unit Tests Path Traversal protection checks Accepts clean paths","invocations":1,"location":null,"numPassingAsserts":0,"retryReasons":[],"status":"failed","title":"Accepts clean paths"}],"endTime":1788793038628,"message":"  ● Artifact Path Security Unit Tests › Path Traversal protection checks › Accepts clean paths\n\n    thrown: \"Exceeded timeout of 5000 ms for a test.\n    Add a timeout value to this test to increase the timeout, if this is a long-running test. See https://jestjs.io/docs/api#testname-fn-timeout.\"\n\n    \u001b[0m \u001b[90m 35 |\u001b[39m     })\u001b[33m;\u001b[39m\n     \u001b[90m 36 |\u001b[39m\n    \u001b[31m\u001b[1m>\u001b[22m\u001b[39m\u001b[90m 37 |\u001b[39m     test(\u001b[32m'Accepts clean paths'\u001b[39m\u001b[33m,\u001b[39m \u001b[36masync\u001b[39m () \u001b[33m=>\u001b[39m {\n     \u001b[90m    |\u001b[39m     \u001b[31m\u001b[1m^\u001b[22m\u001b[39m\n     \u001b[90m 38 |\u001b[39m       \u001b[90m// Mock storage provider getArtifactStream to prevent file access crash in unit test\u001b[39m\n     \u001b[90m 39 |\u001b[39m       \u001b[36mconst\u001b[39m mockStream \u001b[33m=\u001b[39m { pipe\u001b[33m:\u001b[39m jest\u001b[33m.\u001b[39mfn()\u001b[33m,\u001b[39m on\u001b[33m:\u001b[39m jest\u001b[33m.\u001b[39mfn() }\u001b[33m;\u001b[39m\n     \u001b[90m 40 |\u001b[39m       \u001b[33mLocalArtifactStorageProvider\u001b[39m\u001b[33m.\u001b[39mprototype\u001b[33m.\u001b[39mgetArtifactStream \u001b[33m=\u001b[39m jest\u001b[33m.\u001b[39mfn()\u001b[33m.\u001b[39mmockResolvedValue(mockStream)\u001b[33m;\u001b[39m\u001b[0m\n\n      at test (tests/unit/artifact_security.unit.test.js:37:5)\n      at describe (tests/unit/artifact_security.unit.test.js:19:3)\n      at Object.describe (tests/unit/artifact_security.unit.test.js:6:1)\n","name":"C:\\Full Stack\\All Resume Projects\\deployx\\backend\\tests\\unit\\artifact_security.unit.test.js","startTime":1788793029191,"status":"failed","summary":""},{"assertionResults":[{"ancestorTitles":["Admin Platform Settings Unit Tests","1. Safe Settings Retrieval & Secret Redaction"],"duration":10,"failureDetails":[],"failureMessages":[],"fullName":"Admin Platform Settings Unit Tests 1. Safe Settings Retrieval & Secret Redaction getSettings returns non-secret runtime settings and safe email state","invocations":1,"location":null,"numPassingAsserts":15,"retryReasons":[],"status":"passed","title":"getSettings returns non-secret runtime settings and safe email state"},{"ancestorTitles":["Admin Platform Settings Unit Tests","2. Allowlist Validation & Security Guarding"],"duration":34,"failureDetails":[],"failureMessages":[],"fullName":"Admin Platform Settings Unit Tests 2. Allowlist Validation & Security Guarding updateSettings updates valid sections and records audit trail","invocations":1,"location":null,"numPassingAsserts":7,"retryReasons":[],"status":"passed","title":"updateSettings updates valid sections and records audit trail"},{"ancestorTitles":["Admin Platform Settings Unit Tests","2. Allowlist Validation & Security Guarding"],"duration":74,"failureDetails":[],"failureMessages":[],"fullName":"Admin Platform Settings Unit Tests 2. Allowlist Validation & Security Guarding updateSettings rejects prototype pollution attempts","invocations":1,"location":null,"numPassingAsserts":1,"retryReasons":[],"status":"passed","title":"updateSettings rejects prototype pollution attempts"},{"ancestorTitles":["Admin Platform Settings Unit Tests","2. Allowlist Validation & Security Guarding"],"duration":2,"failureDetails":[],"failureMessages":[],"fullName":"Admin Platform Settings Unit Tests 2. Allowlist Validation & Security Guarding updateSettings rejects unsupported sections","invocations":1,"location":null,"numPassingAsserts":1,"retryReasons":[],"status":"passed","title":"updateSettings rejects unsupported sections"},{"ancestorTitles":["Admin Platform Settings Unit Tests","2. Allowlist Validation & Security Guarding"],"duration":1,"failureDetails":[],"failureMessages":[],"fullName":"Admin Platform Settings Unit Tests 2. Allowlist Validation & Security Guarding updateSettings rejects invalid accent color hex format","invocations":1,"location":null,"numPassingAsserts":1,"retryReasons":[],"status":"passed","title":"updateSettings rejects invalid accent color hex format"},{"ancestorTitles":["Admin Platform Settings Unit Tests","2. Allowlist Validation & Security Guarding"],"duration":2,"failureDetails":[],"failureMessages":[],"fullName":"Admin Platform Settings Unit Tests 2. Allowlist Validation & Security Guarding updateSettings rejects empty platform name","invocations":1,"location":null,"numPassingAsserts":1,"retryReasons":[],"status":"passed","title":"updateSettings rejects empty platform name"},{"ancestorTitles":["Admin Platform Settings Unit Tests","2. Allowlist Validation & Security Guarding"],"duration":2,"failureDetails":[],"failureMessages":[],"fullName":"Admin Platform Settings Unit Tests 2. Allowlist Validation & Security Guarding updateSettings rejects invalid password policy","invocations":1,"location":null,"numPassingAsserts":1,"retryReasons":[],"status":"passed","title":"updateSettings rejects invalid password policy"},{"ancestorTitles":["Admin Platform Settings Unit Tests","3. Reset & Test Email Actions"],"duration":15,"failureDetails":[],"failureMessages":[],"fullName":"Admin Platform Settings Unit Tests 3. Reset & Test Email Actions resetSettings restores default platform values","invocations":1,"location":null,"numPassingAsserts":5,"retryReasons":[],"status":"passed","title":"resetSettings restores default platform values"},{"ancestorTitles":["Admin Platform Settings Unit Tests","3. Reset & Test Email Actions"],"duration":5,"failureDetails":[],"failureMessages":[],"fullName":"Admin Platform Settings Unit Tests 3. Reset & Test Email Actions sendTestEmail dispatches email via emailHelper","invocations":1,"location":null,"numPassingAsserts":2,"retryReasons":[],"status":"passed","title":"sendTestEmail dispatches email via emailHelper"},{"ancestorTitles":["Admin Platform Settings Unit Tests","3. Reset & Test Email Actions"],"duration":2,"failureDetails":[],"failureMessages":[],"fullName":"Admin Platform Settings Unit Tests 3. Reset & Test Email Actions sendTestEmail rejects invalid email format","invocations":1,"location":null,"numPassingAsserts":1,"retryReasons":[],"status":"passed","title":"sendTestEmail rejects invalid email format"}],"endTime":1788793039397,"message":"","name":"C:\\Full Stack\\All Resume Projects\\deployx\\backend\\tests\\unit\\admin_settings.unit.test.js","startTime":1788793037233,"status":"passed","summary":""},{"assertionResults":[{"ancestorTitles":["Notification Service Unit Tests","1. Notification Creation"],"duration":4,"failureDetails":[],"failureMessages":[],"fullName":"Notification Service Unit Tests 1. Notification Creation createNotification creates and saves valid notification","invocations":1,"location":null,"numPassingAsserts":2,"retryReasons":[],"status":"passed","title":"createNotification creates and saves valid notification"},{"ancestorTitles":["Notification Service Unit Tests","1. Notification Creation"],"duration":1,"failureDetails":[],"failureMessages":[],"fullName":"Notification Service Unit Tests 1. Notification Creation createNotification returns null if missing recipient, title, or message","invocations":1,"location":null,"numPassingAsserts":2,"retryReasons":[],"status":"passed","title":"createNotification returns null if missing recipient, title, or message"},{"ancestorTitles":["Notification Service Unit Tests","2. Notification Retrieval & Isolation"],"duration":4,"failureDetails":[],"failureMessages":[],"fullName":"Notification Service Unit Tests 2. Notification Retrieval & Isolation getUserNotifications returns paginated results scoped to recipient","invocations":1,"location":null,"numPassingAsserts":5,"retryReasons":[],"status":"passed","title":"getUserNotifications returns paginated results scoped to recipient"},{"ancestorTitles":["Notification Service Unit Tests","2. Notification Retrieval & Isolation"],"duration":2,"failureDetails":[],"failureMessages":[],"fullName":"Notification Service Unit Tests 2. Notification Retrieval & Isolation getUnreadCount returns number of unread notifications for user","invocations":1,"location":null,"numPassingAsserts":2,"retryReasons":[],"status":"passed","title":"getUnreadCount returns number of unread notifications for user"},{"ancestorTitles":["Notification Service Unit Tests","3. Read Status Mutation"],"duration":3,"failureDetails":[],"failureMessages":[],"fullName":"Notification Service Unit Tests 3. Read Status Mutation markAsRead updates notification to unread: false and sets readAt","invocations":1,"location":null,"numPassingAsserts":5,"retryReasons":[],"status":"passed","title":"markAsRead updates notification to unread: false and sets readAt"},{"ancestorTitles":["Notification Service Unit Tests","3. Read Status Mutation"],"duration":47,"failureDetails":[],"failureMessages":[],"fullName":"Notification Service Unit Tests 3. Read Status Mutation markAsRead throws 404 if notification does not exist or belong to user","invocations":1,"location":null,"numPassingAsserts":1,"retryReasons":[],"status":"passed","title":"markAsRead throws 404 if notification does not exist or belong to user"},{"ancestorTitles":["Notification Service Unit Tests","3. Read Status Mutation"],"duration":2,"failureDetails":[],"failureMessages":[],"fullName":"Notification Service Unit Tests 3. Read Status Mutation markAllAsRead updates all unread notifications for user","invocations":1,"location":null,"numPassingAsserts":2,"retryReasons":[],"status":"passed","title":"markAllAsRead updates all unread notifications for user"},{"ancestorTitles":["Notification Service Unit Tests","4. Notification Deletion"],"duration":2,"failureDetails":[],"failureMessages":[],"fullName":"Notification Service Unit Tests 4. Notification Deletion deleteNotification deletes owned notification","invocations":1,"location":null,"numPassingAsserts":2,"retryReasons":[],"status":"passed","title":"deleteNotification deletes owned notification"},{"ancestorTitles":["Notification Service Unit Tests","4. Notification Deletion"],"duration":3,"failureDetails":[],"failureMessages":[],"fullName":"Notification Service Unit Tests 4. Notification Deletion deleteNotification throws 404 if notification not owned by user","invocations":1,"location":null,"numPassingAsserts":1,"retryReasons":[],"status":"passed","title":"deleteNotification throws 404 if notification not owned by user"},{"ancestorTitles":["Notification Service Unit Tests","4. Notification Deletion"],"duration":4,"failureDetails":[],"failureMessages":[],"fullName":"Notification Service Unit Tests 4. Notification Deletion clearAllNotifications deletes all notifications for user","invocations":1,"location":null,"numPassingAsserts":2,"retryReasons":[],"status":"passed","title":"clearAllNotifications deletes all notifications for user"}],"endTime":1788793039540,"message":"","name":"C:\\Full Stack\\All Resume Projects\\deployx\\backend\\tests\\unit\\notification.unit.test.js","startTime":1788793037835,"status":"passed","summary":""},{"assertionResults":[{"ancestorTitles":["Admin Domains Unit Tests","1. Domain Listing & Security Redaction"],"duration":8,"failureDetails":[],"failureMessages":[],"fullName":"Admin Domains Unit Tests 1. Domain Listing & Security Redaction listDomains returns mapped domains and excludes verificationToken","invocations":1,"location":null,"numPassingAsserts":8,"retryReasons":[],"status":"passed","title":"listDomains returns mapped domains and excludes verificationToken"},{"ancestorTitles":["Admin Domains Unit Tests","1. Domain Listing & Security Redaction"],"duration":2,"failureDetails":[],"failureMessages":[],"fullName":"Admin Domains Unit Tests 1. Domain Listing & Security Redaction listDomains applies filters and search parameters","invocations":1,"location":null,"numPassingAsserts":1,"retryReasons":[],"status":"passed","title":"listDomains applies filters and search parameters"},{"ancestorTitles":["Admin Domains Unit Tests","2. Domain Detail & Public DNS Routing Records"],"duration":2,"failureDetails":[],"failureMessages":[],"fullName":"Admin Domains Unit Tests 2. Domain Detail & Public DNS Routing Records getDomain returns domain details without token leak","invocations":1,"location":null,"numPassingAsserts":2,"retryReasons":[],"status":"passed","title":"getDomain returns domain details without token leak"},{"ancestorTitles":["Admin Domains Unit Tests","2. Domain Detail & Public DNS Routing Records"],"duration":3,"failureDetails":[],"failureMessages":[],"fullName":"Admin Domains Unit Tests 2. Domain Detail & Public DNS Routing Records getDomainDNSRecords returns only public routing records from centralized config without verification secrets","invocations":1,"location":null,"numPassingAsserts":5,"retryReasons":[],"status":"passed","title":"getDomainDNSRecords returns only public routing records from centralized config without verification secrets"},{"ancestorTitles":["Admin Domains Unit Tests","2. Domain Detail & Public DNS Routing Records"],"duration":2,"failureDetails":[],"failureMessages":[],"fullName":"Admin Domains Unit Tests 2. Domain Detail & Public DNS Routing Records getDomainDNSRecords returns A and CNAME records for apex domain","invocations":1,"location":null,"numPassingAsserts":4,"retryReasons":[],"status":"passed","title":"getDomainDNSRecords returns A and CNAME records for apex domain"},{"ancestorTitles":["Admin Domains Unit Tests","2. Domain Detail & Public DNS Routing Records"],"duration":1,"failureDetails":[],"failureMessages":[],"fullName":"Admin Domains Unit Tests 2. Domain Detail & Public DNS Routing Records getDomainInstructions explicitly returns verification token on dedicated endpoint","invocations":1,"location":null,"numPassingAsserts":5,"retryReasons":[],"status":"passed","title":"getDomainInstructions explicitly returns verification token on dedicated endpoint"},{"ancestorTitles":["Admin Domains Unit Tests","3. Domain Actions (Verify, Target, Delete)"],"duration":1,"failureDetails":[],"failureMessages":[],"fullName":"Admin Domains Unit Tests 3. Domain Actions (Verify, Target, Delete) verifyDomain triggers verification service","invocations":1,"location":null,"numPassingAsserts":2,"retryReasons":[],"status":"passed","title":"verifyDomain triggers verification service"},{"ancestorTitles":["Admin Domains Unit Tests","3. Domain Actions (Verify, Target, Delete)"],"duration":1,"failureDetails":[],"failureMessages":[],"fullName":"Admin Domains Unit Tests 3. Domain Actions (Verify, Target, Delete) deleteDomain removes domain document","invocations":1,"location":null,"numPassingAsserts":2,"retryReasons":[],"status":"passed","title":"deleteDomain removes domain document"},{"ancestorTitles":["Admin Domains Unit Tests","3. Domain Actions (Verify, Target, Delete)"],"duration":104,"failureDetails":[],"failureMessages":[],"fullName":"Admin Domains Unit Tests 3. Domain Actions (Verify, Target, Delete) deleteDomain throws 404 if domain not found","invocations":1,"location":null,"numPassingAsserts":1,"retryReasons":[],"status":"passed","title":"deleteDomain throws 404 if domain not found"}],"endTime":1788793040206,"message":"","name":"C:\\Full Stack\\All Resume Projects\\deployx\\backend\\tests\\unit\\admin_domains.unit.test.js","startTime":1788793036414,"status":"passed","summary":""},{"assertionResults":[{"ancestorTitles":["Backend HTTP API Integration Tests (Infrastructure-dependent)","Admin Authorization"],"duration":103,"failureDetails":[],"failureMessages":[],"fullName":"Backend HTTP API Integration Tests (Infrastructure-dependent) Admin Authorization Unauthenticated admin endpoint -> 401","invocations":1,"location":null,"numPassingAsserts":0,"retryReasons":[],"status":"passed","title":"Unauthenticated admin endpoint -> 401"},{"ancestorTitles":["Backend HTTP API Integration Tests (Infrastructure-dependent)","Admin Authorization"],"duration":1,"failureDetails":[],"failureMessages":[],"fullName":"Backend HTTP API Integration Tests (Infrastructure-dependent) Admin Authorization Authenticated non-admin -> 403","invocations":1,"location":null,"numPassingAsserts":0,"retryReasons":[],"status":"passed","title":"Authenticated non-admin -> 403"},{"ancestorTitles":["Backend HTTP API Integration Tests (Infrastructure-dependent)","Admin Authorization"],"duration":1,"failureDetails":[],"failureMessages":[],"fullName":"Backend HTTP API Integration Tests (Infrastructure-dependent) Admin Authorization Authenticated admin -> 200/503 (Authorized)","invocations":1,"location":null,"numPassingAsserts":0,"retryReasons":[],"status":"passed","title":"Authenticated admin -> 200/503 (Authorized)"},{"ancestorTitles":["Backend HTTP API Integration Tests (Infrastructure-dependent)","Deployment Ownership & Isolation Boundaries"],"duration":1,"failureDetails":[],"failureMessages":[],"fullName":"Backend HTTP API Integration Tests (Infrastructure-dependent) Deployment Ownership & Isolation Boundaries Owner can access own deployment","invocations":1,"location":null,"numPassingAsserts":0,"retryReasons":[],"status":"passed","title":"Owner can access own deployment"},{"ancestorTitles":["Backend HTTP API Integration Tests (Infrastructure-dependent)","Deployment Ownership & Isolation Boundaries"],"duration":23,"failureDetails":[],"failureMessages":[],"fullName":"Backend HTTP API Integration Tests (Infrastructure-dependent) Deployment Ownership & Isolation Boundaries Another user cannot access deployment","invocations":1,"location":null,"numPassingAsserts":0,"retryReasons":[],"status":"passed","title":"Another user cannot access deployment"},{"ancestorTitles":["Backend HTTP API Integration Tests (Infrastructure-dependent)","Deployment Ownership & Isolation Boundaries"],"duration":1,"failureDetails":[],"failureMessages":[],"fullName":"Backend HTTP API Integration Tests (Infrastructure-dependent) Deployment Ownership & Isolation Boundaries Another user cannot cancel deployment","invocations":1,"location":null,"numPassingAsserts":0,"retryReasons":[],"status":"passed","title":"Another user cannot cancel deployment"}],"endTime":1788793040848,"message":"","name":"C:\\Full Stack\\All Resume Projects\\deployx\\backend\\tests\\integration\\api_integration.integration.test.js","startTime":1788793029352,"status":"passed","summary":""},{"assertionResults":[{"ancestorTitles":["Backend Integration Tests (Infrastructure-dependent)","Admin Projects Deletion & Safety Verification Pass"],"duration":156,"failureDetails":[],"failureMessages":[],"fullName":"Backend Integration Tests (Infrastructure-dependent) Admin Projects Deletion & Safety Verification Pass delete nonexistent project → 404","invocations":1,"location":null,"numPassingAsserts":0,"retryReasons":[],"status":"passed","title":"delete nonexistent project → 404"},{"ancestorTitles":["Backend Integration Tests (Infrastructure-dependent)","Admin Projects Deletion & Safety Verification Pass"],"duration":19,"failureDetails":[],"failureMessages":[],"fullName":"Backend Integration Tests (Infrastructure-dependent) Admin Projects Deletion & Safety Verification Pass delete project with domains → domains cleaned","invocations":1,"location":null,"numPassingAsserts":0,"retryReasons":[],"status":"passed","title":"delete project with domains → domains cleaned"},{"ancestorTitles":["Backend Integration Tests (Infrastructure-dependent)","Admin Projects Deletion & Safety Verification Pass"],"duration":2,"failureDetails":[],"failureMessages":[],"fullName":"Backend Integration Tests (Infrastructure-dependent) Admin Projects Deletion & Safety Verification Pass delete project with historical deployments → expected retention behavior","invocations":1,"location":null,"numPassingAsserts":0,"retryReasons":[],"status":"passed","title":"delete project with historical deployments → expected retention behavior"},{"ancestorTitles":["Backend Integration Tests (Infrastructure-dependent)","Admin Projects Deletion & Safety Verification Pass"],"duration":1,"failureDetails":[],"failureMessages":[],"fullName":"Backend Integration Tests (Infrastructure-dependent) Admin Projects Deletion & Safety Verification Pass delete project with active deployment → expected safe behavior","invocations":1,"location":null,"numPassingAsserts":0,"retryReasons":[],"status":"passed","title":"delete project with active deployment → expected safe behavior"},{"ancestorTitles":["Backend Integration Tests (Infrastructure-dependent)","Admin Projects Deletion & Safety Verification Pass"],"duration":2,"failureDetails":[],"failureMessages":[],"fullName":"Backend Integration Tests (Infrastructure-dependent) Admin Projects Deletion & Safety Verification Pass non-admin → 403","invocations":1,"location":null,"numPassingAsserts":0,"retryReasons":[],"status":"passed","title":"non-admin → 403"},{"ancestorTitles":["Backend Integration Tests (Infrastructure-dependent)","Admin Projects Deletion & Safety Verification Pass"],"duration":1,"failureDetails":[],"failureMessages":[],"fullName":"Backend Integration Tests (Infrastructure-dependent) Admin Projects Deletion & Safety Verification Pass unauthenticated → 401","invocations":1,"location":null,"numPassingAsserts":0,"retryReasons":[],"status":"passed","title":"unauthenticated → 401"},{"ancestorTitles":["Backend Integration Tests (Infrastructure-dependent)","Admin Projects Archive State Semantics & Filters"],"duration":1,"failureDetails":[],"failureMessages":[],"fullName":"Backend Integration Tests (Infrastructure-dependent) Admin Projects Archive State Semantics & Filters Admin archive → project status becomes archived (not failed)","invocations":1,"location":null,"numPassingAsserts":0,"retryReasons":[],"status":"passed","title":"Admin archive → project status becomes archived (not failed)"},{"ancestorTitles":["Backend Integration Tests (Infrastructure-dependent)","Admin Projects Archive State Semantics & Filters"],"duration":1,"failureDetails":[],"failureMessages":[],"fullName":"Backend Integration Tests (Infrastructure-dependent) Admin Projects Archive State Semantics & Filters Archived project appears in archived filter, not in failed or active","invocations":1,"location":null,"numPassingAsserts":0,"retryReasons":[],"status":"passed","title":"Archived project appears in archived filter, not in failed or active"},{"ancestorTitles":["Backend Integration Tests (Infrastructure-dependent)","Admin Deployments Management Integration Tests"],"duration":1,"failureDetails":[],"failureMessages":[],"fullName":"Backend Integration Tests (Infrastructure-dependent) Admin Deployments Management Integration Tests GET /admin/deployments returns paginated list with real status mapping","invocations":1,"location":null,"numPassingAsserts":0,"retryReasons":[],"status":"passed","title":"GET /admin/deployments returns paginated list with real status mapping"},{"ancestorTitles":["Backend Integration Tests (Infrastructure-dependent)","Admin Deployments Management Integration Tests"],"duration":1,"failureDetails":[],"failureMessages":[],"fullName":"Backend Integration Tests (Infrastructure-dependent) Admin Deployments Management Integration Tests GET /admin/deployments/:id returns full deployment with timeline and artifact metadata","invocations":1,"location":null,"numPassingAsserts":0,"retryReasons":[],"status":"passed","title":"GET /admin/deployments/:id returns full deployment with timeline and artifact metadata"},{"ancestorTitles":["Backend Integration Tests (Infrastructure-dependent)","Admin Deployments Management Integration Tests"],"duration":1,"failureDetails":[],"failureMessages":[],"fullName":"Backend Integration Tests (Infrastructure-dependent) Admin Deployments Management Integration Tests POST /admin/deployments/:id/cancel cancels queued or building deployment","invocations":1,"location":null,"numPassingAsserts":0,"retryReasons":[],"status":"passed","title":"POST /admin/deployments/:id/cancel cancels queued or building deployment"},{"ancestorTitles":["Backend Integration Tests (Infrastructure-dependent)","Admin Deployments Management Integration Tests"],"duration":1,"failureDetails":[],"failureMessages":[],"fullName":"Backend Integration Tests (Infrastructure-dependent) Admin Deployments Management Integration Tests POST /admin/deployments/:id/cancel rejects completed deployment with 400","invocations":1,"location":null,"numPassingAsserts":0,"retryReasons":[],"status":"passed","title":"POST /admin/deployments/:id/cancel rejects completed deployment with 400"},{"ancestorTitles":["Backend Integration Tests (Infrastructure-dependent)","Admin Deployments Management Integration Tests"],"duration":0,"failureDetails":[],"failureMessages":[],"fullName":"Backend Integration Tests (Infrastructure-dependent) Admin Deployments Management Integration Tests DELETE /admin/deployments/:id deletes deployment record","invocations":1,"location":null,"numPassingAsserts":0,"retryReasons":[],"status":"passed","title":"DELETE /admin/deployments/:id deletes deployment record"},{"ancestorTitles":["Backend Integration Tests (Infrastructure-dependent)","Admin Deployments Management Integration Tests"],"duration":1,"failureDetails":[],"failureMessages":[],"fullName":"Backend Integration Tests (Infrastructure-dependent) Admin Deployments Management Integration Tests Admin deployments authorization: non-admin → 403, unauthenticated → 401","invocations":1,"location":null,"numPassingAsserts":0,"retryReasons":[],"status":"passed","title":"Admin deployments authorization: non-admin → 403, unauthenticated → 401"},{"ancestorTitles":["Backend Integration Tests (Infrastructure-dependent)","Admin Domains Management Integration Tests"],"duration":1,"failureDetails":[],"failureMessages":[],"fullName":"Backend Integration Tests (Infrastructure-dependent) Admin Domains Management Integration Tests GET /admin/domains returns list without leaking verification tokens","invocations":1,"location":null,"numPassingAsserts":0,"retryReasons":[],"status":"passed","title":"GET /admin/domains returns list without leaking verification tokens"},{"ancestorTitles":["Backend Integration Tests (Infrastructure-dependent)","Admin Domains Management Integration Tests"],"duration":0,"failureDetails":[],"failureMessages":[],"fullName":"Backend Integration Tests (Infrastructure-dependent) Admin Domains Management Integration Tests GET /admin/domains/:id returns domain detail without token leak","invocations":1,"location":null,"numPassingAsserts":0,"retryReasons":[],"status":"passed","title":"GET /admin/domains/:id returns domain detail without token leak"},{"ancestorTitles":["Backend Integration Tests (Infrastructure-dependent)","Admin Domains Management Integration Tests"],"duration":15,"failureDetails":[],"failureMessages":[],"fullName":"Backend Integration Tests (Infrastructure-dependent) Admin Domains Management Integration Tests GET /admin/domains/:id/dns returns DNS routing records without verification secrets","invocations":1,"location":null,"numPassingAsserts":0,"retryReasons":[],"status":"passed","title":"GET /admin/domains/:id/dns returns DNS routing records without verification secrets"},{"ancestorTitles":["Backend Integration Tests (Infrastructure-dependent)","Admin Domains Management Integration Tests"],"duration":1,"failureDetails":[],"failureMessages":[],"fullName":"Backend Integration Tests (Infrastructure-dependent) Admin Domains Management Integration Tests GET /admin/domains/:id/instructions explicitly returns challenge token","invocations":1,"location":null,"numPassingAsserts":0,"retryReasons":[],"status":"passed","title":"GET /admin/domains/:id/instructions explicitly returns challenge token"},{"ancestorTitles":["Backend Integration Tests (Infrastructure-dependent)","Admin Domains Management Integration Tests"],"duration":1,"failureDetails":[],"failureMessages":[],"fullName":"Backend Integration Tests (Infrastructure-dependent) Admin Domains Management Integration Tests DELETE /admin/domains/:id deletes domain mapping","invocations":1,"location":null,"numPassingAsserts":0,"retryReasons":[],"status":"passed","title":"DELETE /admin/domains/:id deletes domain mapping"},{"ancestorTitles":["Backend Integration Tests (Infrastructure-dependent)","Admin Domains Management Integration Tests"],"duration":1,"failureDetails":[],"failureMessages":[],"fullName":"Backend Integration Tests (Infrastructure-dependent) Admin Domains Management Integration Tests Admin domains authorization: non-admin → 403, unauthenticated → 401","invocations":1,"location":null,"numPassingAsserts":0,"retryReasons":[],"status":"passed","title":"Admin domains authorization: non-admin → 403, unauthenticated → 401"},{"ancestorTitles":["Backend Integration Tests (Infrastructure-dependent)","Admin Platform Settings Management Integration Tests"],"duration":1,"failureDetails":[],"failureMessages":[],"fullName":"Backend Integration Tests (Infrastructure-dependent) Admin Platform Settings Management Integration Tests GET /admin/settings returns non-secret settings and safe email info","invocations":1,"location":null,"numPassingAsserts":0,"retryReasons":[],"status":"passed","title":"GET /admin/settings returns non-secret settings and safe email info"},{"ancestorTitles":["Backend Integration Tests (Infrastructure-dependent)","Admin Platform Settings Management Integration Tests"],"duration":1,"failureDetails":[],"failureMessages":[],"fullName":"Backend Integration Tests (Infrastructure-dependent) Admin Platform Settings Management Integration Tests PATCH /admin/settings updates allowed runtime settings","invocations":1,"location":null,"numPassingAsserts":0,"retryReasons":[],"status":"passed","title":"PATCH /admin/settings updates allowed runtime settings"},{"ancestorTitles":["Backend Integration Tests (Infrastructure-dependent)","Admin Platform Settings Management Integration Tests"],"duration":0,"failureDetails":[],"failureMessages":[],"fullName":"Backend Integration Tests (Infrastructure-dependent) Admin Platform Settings Management Integration Tests PATCH /admin/settings rejects unsupported sections","invocations":1,"location":null,"numPassingAsserts":0,"retryReasons":[],"status":"passed","title":"PATCH /admin/settings rejects unsupported sections"},{"ancestorTitles":["Backend Integration Tests (Infrastructure-dependent)","Admin Platform Settings Management Integration Tests"],"duration":0,"failureDetails":[],"failureMessages":[],"fullName":"Backend Integration Tests (Infrastructure-dependent) Admin Platform Settings Management Integration Tests POST /admin/settings/reset resets runtime settings to defaults","invocations":1,"location":null,"numPassingAsserts":0,"retryReasons":[],"status":"passed","title":"POST /admin/settings/reset resets runtime settings to defaults"},{"ancestorTitles":["Backend Integration Tests (Infrastructure-dependent)","Admin Platform Settings Management Integration Tests"],"duration":0,"failureDetails":[],"failureMessages":[],"fullName":"Backend Integration Tests (Infrastructure-dependent) Admin Platform Settings Management Integration Tests Admin settings authorization: non-admin → 403, unauthenticated → 401","invocations":1,"location":null,"numPassingAsserts":0,"retryReasons":[],"status":"passed","title":"Admin settings authorization: non-admin → 403, unauthenticated → 401"},{"ancestorTitles":["Backend Integration Tests (Infrastructure-dependent)","Admin System Health Historical Metrics Integration Tests"],"duration":1,"failureDetails":[],"failureMessages":[],"fullName":"Backend Integration Tests (Infrastructure-dependent) Admin System Health Historical Metrics Integration Tests POST /admin/health/sample records real telemetry sample","invocations":1,"location":null,"numPassingAsserts":0,"retryReasons":[],"status":"passed","title":"POST /admin/health/sample records real telemetry sample"},{"ancestorTitles":["Backend Integration Tests (Infrastructure-dependent)","Admin System Health Historical Metrics Integration Tests"],"duration":0,"failureDetails":[],"failureMessages":[],"fullName":"Backend Integration Tests (Infrastructure-dependent) Admin System Health Historical Metrics Integration Tests GET /admin/health/history returns aggregated metric series","invocations":1,"location":null,"numPassingAsserts":0,"retryReasons":[],"status":"passed","title":"GET /admin/health/history returns aggregated metric series"},{"ancestorTitles":["Backend Integration Tests (Infrastructure-dependent)","Admin System Health Historical Metrics Integration Tests"],"duration":1,"failureDetails":[],"failureMessages":[],"fullName":"Backend Integration Tests (Infrastructure-dependent) Admin System Health Historical Metrics Integration Tests GET /admin/health/performance returns live metrics and historical trends","invocations":1,"location":null,"numPassingAsserts":0,"retryReasons":[],"status":"passed","title":"GET /admin/health/performance returns live metrics and historical trends"},{"ancestorTitles":["Backend Integration Tests (Infrastructure-dependent)","Admin System Health Historical Metrics Integration Tests"],"duration":0,"failureDetails":[],"failureMessages":[],"fullName":"Backend Integration Tests (Infrastructure-dependent) Admin System Health Historical Metrics Integration Tests GET /admin/health/history rejects invalid metric with 400","invocations":1,"location":null,"numPassingAsserts":0,"retryReasons":[],"status":"passed","title":"GET /admin/health/history rejects invalid metric with 400"},{"ancestorTitles":["Backend Integration Tests (Infrastructure-dependent)","Admin System Health Historical Metrics Integration Tests"],"duration":1,"failureDetails":[],"failureMessages":[],"fullName":"Backend Integration Tests (Infrastructure-dependent) Admin System Health Historical Metrics Integration Tests Admin health history authorization: non-admin → 403, unauthenticated → 401","invocations":1,"location":null,"numPassingAsserts":0,"retryReasons":[],"status":"passed","title":"Admin health history authorization: non-admin → 403, unauthenticated → 401"}],"endTime":1788793041049,"message":"","name":"C:\\Full Stack\\All Resume Projects\\deployx\\backend\\tests\\integration\\admin.integration.test.js","startTime":1788793029282,"status":"passed","summary":""},{"assertionResults":[{"ancestorTitles":["Security Middleware CSP Unit Tests"],"duration":201,"failureDetails":[],"failureMessages":[],"fullName":"Security Middleware CSP Unit Tests Sets Content-Security-Policy header with img-src allowing https: external images","invocations":1,"location":null,"numPassingAsserts":2,"retryReasons":[],"status":"passed","title":"Sets Content-Security-Policy header with img-src allowing https: external images"}],"endTime":1788793042263,"message":"","name":"C:\\Full Stack\\All Resume Projects\\deployx\\backend\\tests\\unit\\security_csp.unit.test.js","startTime":1788793040892,"status":"passed","summary":""},{"assertionResults":[{"ancestorTitles":["In-App Notifications Integration Tests","1. Authentication & Scoping Isolation"],"duration":99,"failureDetails":[],"failureMessages":[],"fullName":"In-App Notifications Integration Tests 1. Authentication & Scoping Isolation GET /notifications returns 401 for unauthenticated request","invocations":1,"location":null,"numPassingAsserts":1,"retryReasons":[],"status":"passed","title":"GET /notifications returns 401 for unauthenticated request"},{"ancestorTitles":["In-App Notifications Integration Tests","1. Authentication & Scoping Isolation"],"duration":292,"failureDetails":[{"matcherResult":{"actual":400,"expected":200,"message":"expect(received).toBe(expected) // Object.is equality\n\nExpected: 200\nReceived: 400","name":"toBe","pass":false}}],"failureMessages":["Error: expect(received).toBe(expected) // Object.is equality\n\nExpected: 200\nReceived: 400\n    at Object.toBe (C:\\Full Stack\\All Resume Projects\\deployx\\backend\\tests\\integration\\notification.integration.test.js:99:26)\n    at processTicksAndRejections (node:internal/process/task_queues:103:5)"],"fullName":"In-App Notifications Integration Tests 1. Authentication & Scoping Isolation GET /notifications returns only own notifications for User A","invocations":1,"location":null,"numPassingAsserts":0,"retryReasons":[],"status":"failed","title":"GET /notifications returns only own notifications for User A"},{"ancestorTitles":["In-App Notifications Integration Tests","1. Authentication & Scoping Isolation"],"duration":62,"failureDetails":[{"matcherResult":{"actual":400,"expected":200,"message":"expect(received).toBe(expected) // Object.is equality\n\nExpected: 200\nReceived: 400","name":"toBe","pass":false}}],"failureMessages":["Error: expect(received).toBe(expected) // Object.is equality\n\nExpected: 200\nReceived: 400\n    at Object.toBe (C:\\Full Stack\\All Resume Projects\\deployx\\backend\\tests\\integration\\notification.integration.test.js:118:26)\n    at processTicksAndRejections (node:internal/process/task_queues:103:5)"],"fullName":"In-App Notifications Integration Tests 1. Authentication & Scoping Isolation GET /notifications/unread-count returns correct count","invocations":1,"location":null,"numPassingAsserts":0,"retryReasons":[],"status":"failed","title":"GET /notifications/unread-count returns correct count"},{"ancestorTitles":["In-App Notifications Integration Tests","2. Mutation & Authorization Protection"],"duration":38,"failureDetails":[{"matcherResult":{"actual":400,"expected":200,"message":"expect(received).toBe(expected) // Object.is equality\n\nExpected: 200\nReceived: 400","name":"toBe","pass":false}}],"failureMessages":["Error: expect(received).toBe(expected) // Object.is equality\n\nExpected: 200\nReceived: 400\n    at Object.toBe (C:\\Full Stack\\All Resume Projects\\deployx\\backend\\tests\\integration\\notification.integration.test.js:131:26)\n    at processTicksAndRejections (node:internal/process/task_queues:103:5)"],"fullName":"In-App Notifications Integration Tests 2. Mutation & Authorization Protection PATCH /notifications/:id/read marks User A notification as read","invocations":1,"location":null,"numPassingAsserts":0,"retryReasons":[],"status":"failed","title":"PATCH /notifications/:id/read marks User A notification as read"},{"ancestorTitles":["In-App Notifications Integration Tests","2. Mutation & Authorization Protection"],"duration":70,"failureDetails":[{"matcherResult":{"actual":400,"expected":404,"message":"expect(received).toBe(expected) // Object.is equality\n\nExpected: 404\nReceived: 400","name":"toBe","pass":false}}],"failureMessages":["Error: expect(received).toBe(expected) // Object.is equality\n\nExpected: 404\nReceived: 400\n    at Object.toBe (C:\\Full Stack\\All Resume Projects\\deployx\\backend\\tests\\integration\\notification.integration.test.js:147:26)\n    at processTicksAndRejections (node:internal/process/task_queues:103:5)"],"fullName":"In-App Notifications Integration Tests 2. Mutation & Authorization Protection PATCH /notifications/:id/read fails with 404 if User A tries to modify User B notification","invocations":1,"location":null,"numPassingAsserts":0,"retryReasons":[],"status":"failed","title":"PATCH /notifications/:id/read fails with 404 if User A tries to modify User B notification"},{"ancestorTitles":["In-App Notifications Integration Tests","2. Mutation & Authorization Protection"],"duration":22,"failureDetails":[{"matcherResult":{"actual":400,"expected":404,"message":"expect(received).toBe(expected) // Object.is equality\n\nExpected: 404\nReceived: 400","name":"toBe","pass":false}}],"failureMessages":["Error: expect(received).toBe(expected) // Object.is equality\n\nExpected: 404\nReceived: 400\n    at Object.toBe (C:\\Full Stack\\All Resume Projects\\deployx\\backend\\tests\\integration\\notification.integration.test.js:157:26)\n    at processTicksAndRejections (node:internal/process/task_queues:103:5)"],"fullName":"In-App Notifications Integration Tests 2. Mutation & Authorization Protection DELETE /notifications/:id fails with 404 if User A tries to delete User B notification","invocations":1,"location":null,"numPassingAsserts":0,"retryReasons":[],"status":"failed","title":"DELETE /notifications/:id fails with 404 if User A tries to delete User B notification"},{"ancestorTitles":["In-App Notifications Integration Tests","2. Mutation & Authorization Protection"],"duration":49,"failureDetails":[{"matcherResult":{"actual":400,"expected":200,"message":"expect(received).toBe(expected) // Object.is equality\n\nExpected: 200\nReceived: 400","name":"toBe","pass":false}}],"failureMessages":["Error: expect(received).toBe(expected) // Object.is equality\n\nExpected: 200\nReceived: 400\n    at Object.toBe (C:\\Full Stack\\All Resume Projects\\deployx\\backend\\tests\\integration\\notification.integration.test.js:167:26)\n    at processTicksAndRejections (node:internal/process/task_queues:103:5)"],"fullName":"In-App Notifications Integration Tests 2. Mutation & Authorization Protection PATCH /notifications/read-all marks all User A notifications as read","invocations":1,"location":null,"numPassingAsserts":0,"retryReasons":[],"status":"failed","title":"PATCH /notifications/read-all marks all User A notifications as read"},{"ancestorTitles":["In-App Notifications Integration Tests","2. Mutation & Authorization Protection"],"duration":37,"failureDetails":[{"matcherResult":{"actual":400,"expected":200,"message":"expect(received).toBe(expected) // Object.is equality\n\nExpected: 200\nReceived: 400","name":"toBe","pass":false}}],"failureMessages":["Error: expect(received).toBe(expected) // Object.is equality\n\nExpected: 200\nReceived: 400\n    at Object.toBe (C:\\Full Stack\\All Resume Projects\\deployx\\backend\\tests\\integration\\notification.integration.test.js:188:26)\n    at processTicksAndRejections (node:internal/process/task_queues:103:5)"],"fullName":"In-App Notifications Integration Tests 2. Mutation & Authorization Protection DELETE /notifications/:id deletes owned notification","invocations":1,"location":null,"numPassingAsserts":0,"retryReasons":[],"status":"failed","title":"DELETE /notifications/:id deletes owned notification"},{"ancestorTitles":["In-App Notifications Integration Tests","2. Mutation & Authorization Protection"],"duration":25,"failureDetails":[{"matcherResult":{"actual":400,"expected":200,"message":"expect(received).toBe(expected) // Object.is equality\n\nExpected: 200\nReceived: 400","name":"toBe","pass":false}}],"failureMessages":["Error: expect(received).toBe(expected) // Object.is equality\n\nExpected: 200\nReceived: 400\n    at Object.toBe (C:\\Full Stack\\All Resume Projects\\deployx\\backend\\tests\\integration\\notification.integration.test.js:203:26)\n    at processTicksAndRejections (node:internal/process/task_queues:103:5)"],"fullName":"In-App Notifications Integration Tests 2. Mutation & Authorization Protection DELETE /notifications clears all notifications for User A","invocations":1,"location":null,"numPassingAsserts":0,"retryReasons":[],"status":"failed","title":"DELETE /notifications clears all notifications for User A"}],"endTime":1788793042756,"message":"  ● In-App Notifications Integration Tests › 1. Authentication & Scoping Isolation › GET /notifications returns only own notifications for User A\n\n    expect(received).toBe(expected) // Object.is equality\n\n    Expected: 200\n    Received: 400\n\n    \u001b[0m \u001b[90m  97 |\u001b[39m         \u001b[33m.\u001b[39m\u001b[36mset\u001b[39m(\u001b[32m'Authorization'\u001b[39m\u001b[33m,\u001b[39m \u001b[32m`Bearer ${tokenA}`\u001b[39m)\u001b[33m;\u001b[39m\n     \u001b[90m  98 |\u001b[39m\n    \u001b[31m\u001b[1m>\u001b[22m\u001b[39m\u001b[90m  99 |\u001b[39m       expect(res\u001b[33m.\u001b[39mstatus)\u001b[33m.\u001b[39mtoBe(\u001b[35m200\u001b[39m)\u001b[33m;\u001b[39m\n     \u001b[90m     |\u001b[39m                          \u001b[31m\u001b[1m^\u001b[22m\u001b[39m\n     \u001b[90m 100 |\u001b[39m       expect(res\u001b[33m.\u001b[39mbody\u001b[33m.\u001b[39msuccess)\u001b[33m.\u001b[3
[...]
s for valid metric","invocations":1,"location":null,"numPassingAsserts":7,"retryReasons":[],"status":"passed","title":"getHistoricalMetrics returns downsampled time-series buckets for valid metric"},{"ancestorTitles":["Admin System Health Historical Metrics Unit Tests","2. Historical Metrics Querying & Validation"],"duration":2,"failureDetails":[],"failureMessages":[],"fullName":"Admin System Health Historical Metrics Unit Tests 2. Historical Metrics Querying & Validation getHistoricalMetrics returns empty array if no samples exist (no fake fallback)","invocations":1,"location":null,"numPassingAsserts":2,"retryReasons":[],"status":"passed","title":"getHistoricalMetrics returns empty array if no samples exist (no fake fallback)"},{"ancestorTitles":["Admin System Health Historical Metrics Unit Tests","3. Performance Overview Dashboard"],"duration":5,"failureDetails":[],"failureMessages":[],"fullName":"Admin System Health Historical Metrics Unit Tests 3. Performance Overview Dashboard getPerformanceOverview returns real snapshot and historical arrays","invocations":1,"location":null,"numPassingAsserts":6,"retryReasons":[],"status":"passed","title":"getPerformanceOverview returns real snapshot and historical arrays"}],"endTime":1788793043851,"message":"","name":"C:\\Full Stack\\All Resume Projects\\deployx\\backend\\tests\\unit\\admin_health.unit.test.js","startTime":1788793039408,"status":"passed","summary":""},{"assertionResults":[{"ancestorTitles":["Domain DNS Verification & Token Isolation Unit Tests","DNS Verification Logic"],"duration":9,"failureDetails":[],"failureMessages":[],"fullName":"Domain DNS Verification & Token Isolation Unit Tests DNS Verification Logic Exact TXT token matches expected record value and verifies domain","invocations":1,"location":null,"numPassingAsserts":3,"retryReasons":[],"status":"passed","title":"Exact TXT token matches expected record value and verifies domain"},{"ancestorTitles":["Domain DNS Verification & Token Isolation Unit Tests","DNS Verification Logic"],"duration":1,"failureDetails":[],"failureMessages":[],"fullName":"Domain DNS Verification & Token Isolation Unit Tests DNS Verification Logic Wrong TXT token fails verification","invocations":1,"location":null,"numPassingAsserts":2,"retryReasons":[],"status":"passed","title":"Wrong TXT token fails verification"},{"ancestorTitles":["Domain DNS Verification & Token Isolation Unit Tests","DNS Verification Logic"],"duration":1,"failureDetails":[],"failureMessages":[],"fullName":"Domain DNS Verification & Token Isolation Unit Tests DNS Verification Logic Missing record fails verification","invocations":1,"location":null,"numPassingAsserts":2,"retryReasons":[],"status":"passed","title":"Missing record fails verification"},{"ancestorTitles":["Domain DNS Verification & Token Isolation Unit Tests","DNS Verification Logic"],"duration":34,"failureDetails":[],"failureMessages":[],"fullName":"Domain DNS Verification & Token Isolation Unit Tests DNS Verification Logic NXDOMAIN resolver error fails safely","invocations":1,"location":null,"numPassingAsserts":3,"retryReasons":[],"status":"passed","title":"NXDOMAIN resolver error fails safely"},{"ancestorTitles":["Domain DNS Verification & Token Isolation Unit Tests","DNS Verification Logic"],"duration":7,"failureDetails":[],"failureMessages":[],"fullName":"Domain DNS Verification & Token Isolation Unit Tests DNS Verification Logic Generic resolver error fails safely","invocations":1,"location":null,"numPassingAsserts":2,"retryReasons":[],"status":"passed","title":"Generic resolver error fails safely"},{"ancestorTitles":["Domain DNS Verification & Token Isolation Unit Tests","Environment-Aware Domain Verification Hardening"],"duration":4,"failureDetails":[],"failureMessages":[],"fullName":"Domain DNS Verification & Token Isolation Unit Tests Environment-Aware Domain Verification Hardening Local development .deployx.app shortcut is allowed","invocations":1,"location":null,"numPassingAsserts":3,"retryReasons":[],"status":"passed","title":"Local development .deployx.app shortcut is allowed"},{"ancestorTitles":["Domain DNS Verification & Token Isolation Unit Tests","Environment-Aware Domain Verification Hardening"],"duration":1,"failureDetails":[],"failureMessages":[],"fullName":"Domain DNS Verification & Token Isolation Unit Tests Environment-Aware Domain Verification Hardening Production environment rejects .deployx.app without real TXT record","invocations":1,"location":null,"numPassingAsserts":2,"retryReasons":[],"status":"passed","title":"Production environment rejects .deployx.app without real TXT record"},{"ancestorTitles":["Domain DNS Verification & Token Isolation Unit Tests","Environment-Aware Domain Verification Hardening"],"duration":1,"failureDetails":[],"failureMessages":[],"fullName":"Domain DNS Verification & Token Isolation Unit Tests Environment-Aware Domain Verification Hardening Production environment verifies valid TXT record on custom domain","invocations":1,"location":null,"numPassingAsserts":3,"retryReasons":[],"status":"passed","title":"Production environment verifies valid TXT record on custom domain"},{"ancestorTitles":["Domain DNS Verification & Token Isolation Unit Tests","Token Isolation in API Responses"],"duration":6,"failureDetails":[],"failureMessages":[],"fullName":"Domain DNS Verification & Token Isolation Unit Tests Token Isolation in API Responses getProjectDomains excludes verificationToken","invocations":1,"location":null,"numPassingAsserts":3,"retryReasons":[],"status":"passed","title":"getProjectDomains excludes verificationToken"},{"ancestorTitles":["Domain DNS Verification & Token Isolation Unit Tests","Token Isolation in API Responses"],"duration":2,"failureDetails":[],"failureMessages":[],"fullName":"Domain DNS Verification & Token Isolation Unit Tests Token Isolation in API Responses getDomain details excludes verificationToken","invocations":1,"location":null,"numPassingAsserts":3,"retryReasons":[],"status":"passed","title":"getDomain details excludes verificationToken"},{"ancestorTitles":["Domain DNS Verification & Token Isolation Unit Tests","Token Isolation in API Responses"],"duration":1,"failureDetails":[],"failureMessages":[],"fullName":"Domain DNS Verification & Token Isolation Unit Tests Token Isolation in API Responses getDomainInstructions returns the verification token explicitly","invocations":1,"location":null,"numPassingAsserts":2,"retryReasons":[],"status":"passed","title":"getDomainInstructions returns the verification token explicitly"}],"endTime":1788793044116,"message":"","name":"C:\\Full Stack\\All Resume Projects\\deployx\\backend\\tests\\unit\\domain_dns.unit.test.js","startTime":1788793041075,"status":"passed","summary":""},{"assertionResults":[{"ancestorTitles":["Backend Unit Tests","Deployment State Machine & Cancellation Rules"],"duration":3,"failureDetails":[],"failureMessages":[],"fullName":"Backend Unit Tests Deployment State Machine & Cancellation Rules State machine transitions must follow correct status lifecycle tags","invocations":1,"location":null,"numPassingAsserts":5,"retryReasons":[],"status":"passed","title":"State machine transitions must follow correct status lifecycle tags"},{"ancestorTitles":["Backend Unit Tests","Webhook Security checks"],"duration":3,"failureDetails":[],"failureMessages":[],"fullName":"Backend Unit Tests Webhook Security checks HMAC timing-safe checks must validate correct signatures and reject tampering","invocations":1,"location":null,"numPassingAsserts":2,"retryReasons":[],"status":"passed","title":"HMAC timing-safe checks must validate correct signatures and reject tampering"},{"ancestorTitles":["Backend Unit Tests","DNS Verification Token Matching"],"duration":7,"failureDetails":[],"failureMessages":[],"fullName":"Backend Unit Tests DNS Verification Token Matching DNS verification matcher asserts exact deployx-verification TXT payload matches","invocations":1,"location":null,"numPassingAsserts":2,"retryReasons":[],"status":"passed","title":"DNS verification matcher asserts exact deployx-verification TXT payload matches"},{"ancestorTitles":["Backend Unit Tests","Artifact Path Traversal protections"],"duration":2,"failureDetails":[],"failureMessages":[],"fullName":"Backend Unit Tests Artifact Path Traversal protections Paths containing path traversals, null bytes, or absolute locations must be rejected","invocations":1,"location":null,"numPassingAsserts":5,"retryReasons":[],"status":"passed","title":"Paths containing path traversals, null bytes, or absolute locations must be rejected"}],"endTime":1788793044556,"message":"","name":"C:\\Full Stack\\All Resume Projects\\deployx\\backend\\tests\\unit\\deployment.unit.test.js","startTime":1788793043294,"status":"passed","summary":""},{"assertionResults":[{"ancestorTitles":["Secret Masking Unit Tests","Project Environment Variables Masking"],"duration":4,"failureDetails":[],"failureMessages":[],"fullName":"Secret Masking Unit Tests Project Environment Variables Masking maskEnvironmentVariables replaces raw environment values with asterisks","invocations":1,"location":null,"numPassingAsserts":5,"retryReasons":[],"status":"passed","title":"maskEnvironmentVariables replaces raw environment values with asterisks"},{"ancestorTitles":["Secret Masking Unit Tests","Deployment Logs Redaction"],"duration":2,"failureDetails":[],"failureMessages":[],"fullName":"Secret Masking Unit Tests Deployment Logs Redaction sanitizeMessage redacts exact project env values passed in","invocations":1,"location":null,"numPassingAsserts":1,"retryReasons":[],"status":"passed","title":"sanitizeMessage redacts exact project env values passed in"},{"ancestorTitles":["Secret Masking Unit Tests","Deployment Logs Redaction"],"duration":1,"failureDetails":[],"failureMessages":[],"fullName":"Secret Masking Unit Tests Deployment Logs Redaction sanitizeMessage redacts GitHub tokens","invocations":1,"location":null,"numPassingAsserts":2,"retryReasons":[],"status":"passed","title":"sanitizeMessage redacts GitHub tokens"},{"ancestorTitles":["Secret Masking Unit Tests","Deployment Logs Redaction"],"duration":1,"failureDetails":[],"failureMessages":[],"fullName":"Secret Masking Unit Tests Deployment Logs Redaction sanitizeMessage redacts Authorization Bearer headers","invocations":1,"location":null,"numPassingAsserts":1,"retryReasons":[],"status":"passed","title":"sanitizeMessage redacts Authorization Bearer headers"}],"endTime":1788793044569,"message":"","name":"C:\\Full Stack\\All Resume Projects\\deployx\\backend\\tests\\unit\\secret_masking.unit.test.js","startTime":1788793043656,"status":"passed","summary":""},{"assertionResults":[{"ancestorTitles":["Admin Project Archive State Semantics Unit Tests","1. Schema Enum & Archive State Transition"],"duration":6,"failureDetails":[],"failureMessages":[],"fullName":"Admin Project Archive State Semantics Unit Tests 1. Schema Enum & Archive State Transition Project schema supports archived status","invocations":1,"location":null,"numPassingAsserts":5,"retryReasons":[],"status":"passed","title":"Project schema supports archived status"},{"ancestorTitles":["Admin Project Archive State Semantics Unit Tests","1. Schema Enum & Archive State Transition"],"duration":5,"failureDetails":[],"failureMessages":[],"fullName":"Admin Project Archive State Semantics Unit Tests 1. Schema Enum & Archive State Transition Admin archive transitions project status strictly to archived (not failed)","invocations":1,"location":null,"numPassingAsserts":4,"retryReasons":[],"status":"passed","title":"Admin archive transitions project status strictly to archived (not failed)"},{"ancestorTitles":["Admin Project Archive State Semantics Unit Tests","2. Filter Isolation (Active, Archived, Failed)"],"duration":3,"failureDetails":[],"failureMessages":[],"fullName":"Admin Project Archive State Semantics Unit Tests 2. Filter Isolation (Active, Archived, Failed) Archived filter queries only status: archived","invocations":1,"location":null,"numPassingAsserts":2,"retryReasons":[],"status":"passed","title":"Archived filter queries only status: archived"},{"ancestorTitles":["Admin Project Archive State Semantics Unit Tests","2. Filter Isolation (Active, Archived, Failed)"],"duration":2,"failureDetails":[],"failureMessages":[],"fullName":"Admin Project Archive State Semantics Unit Tests 2. Filter Isolation (Active, Archived, Failed) Failed filter queries only status: failed","invocations":1,"location":null,"numPassingAsserts":2,"retryReasons":[],"status":"passed","title":"Failed filter queries only status: failed"},{"ancestorTitles":["Admin Project Archive State Semantics Unit Tests","2. Filter Isolation (Active, Archived, Failed)"],"duration":2,"failureDetails":[],"failureMessages":[],"fullName":"Admin Project Archive State Semantics Unit Tests 2. Filter Isolation (Active, Archived, Failed) Active filter queries live, building, and draft (excludes archived and failed)","invocations":1,"location":null,"numPassingAsserts":2,"retryReasons":[],"status":"passed","title":"Active filter queries live, building, and draft (excludes archived and failed)"},{"ancestorTitles":["Admin Project Archive State Semantics Unit Tests","3. Statistics & Distinction Logic"],"duration":2,"failureDetails":[],"failureMessages":[],"fullName":"Admin Project Archive State Semantics Unit Tests 3. Statistics & Distinction Logic Active project statistics and cards distinguish failed vs archived vs active","invocations":1,"location":null,"numPassingAsserts":4,"retryReasons":[],"status":"passed","title":"Active project statistics and cards distinguish failed vs archived vs active"},{"ancestorTitles":["Admin Project Archive State Semantics Unit Tests","3. Statistics & Distinction Logic"],"duration":2,"failureDetails":[],"failureMessages":[],"fullName":"Admin Project Archive State Semantics Unit Tests 3. Statistics & Distinction Logic Get project returns distinct status for failed vs archived","invocations":1,"location":null,"numPassingAsserts":2,"retryReasons":[],"status":"passed","title":"Get project returns distinct status for failed vs archived"}],"endTime":1788793044760,"message":"","name":"C:\\Full Stack\\All Resume Projects\\deployx\\backend\\tests\\unit\\admin_project_archive_semantics.unit.test.js","startTime":1788793042827,"status":"passed","summary":""},{"assertionResults":[{"ancestorTitles":["Reconciliation Worker Unit Tests"],"duration":21,"failureDetails":[],"failureMessages":[],"fullName":"Reconciliation Worker Unit Tests Stale queued deployment with no BullMQ job is marked failed","invocations":1,"location":null,"numPassingAsserts":2,"retryReasons":[],"status":"passed","title":"Stale queued deployment with no BullMQ job is marked failed"},{"ancestorTitles":["Reconciliation Worker Unit Tests"],"duration":7,"failureDetails":[],"failureMessages":[],"fullName":"Reconciliation Worker Unit Tests Stale building deployment with no active container is marked failed","invocations":1,"location":null,"numPassingAsserts":3,"retryReasons":[],"status":"passed","title":"Stale building deployment with no active container is marked failed"},{"ancestorTitles":["Reconciliation Worker Unit Tests"],"duration":6,"failureDetails":[],"failureMessages":[],"fullName":"Reconciliation Worker Unit Tests Stale building deployment with active container is allowed to continue running","invocations":1,"location":null,"numPassingAsserts":2,"retryReasons":[],"status":"passed","title":"Stale building deployment with active container is allowed to continue running"},{"ancestorTitles":["Reconciliation Worker Unit Tests"],"duration":6,"failureDetails":[],"failureMessages":[],"fullName":"Reconciliation Worker Unit Tests Active runtime containers are not removed by reconciliation","invocations":1,"location":null,"numPassingAsserts":3,"retryReasons":[],"status":"passed","title":"Active runtime containers are not removed by reconciliation"}],"endTime":1788793044779,"message":"","name":"C:\\Full Stack\\All Resume Projects\\deployx\\backend\\tests\\unit\\reconciliation.unit.test.js","startTime":1788793042274,"status":"passed","summary":""},{"assertionResults":[{"ancestorTitles":["Deployment State Machine & Lifecycle Unit Tests","Deployment State Machine transitions"],"duration":3,"failureDetails":[],"failureMessages":[],"fullName":"Deployment State Machine & Lifecycle Unit Tests Deployment State Machine transitions Valid transition combinations must be supported","invocations":1,"location":null,"numPassingAsserts":5,"retryReasons":[],"status":"passed","title":"Valid transition combinations must be supported"},{"ancestorTitles":["Deployment State Machine & Lifecycle Unit Tests","Deployment State Machine transitions"],"duration":2,"failureDetails":[],"failureMessages":[],"fullName":"Deployment State Machine & Lifecycle Unit Tests Deployment State Machine transitions Invalid transitions must be rejected","invocations":1,"location":null,"numPassingAsserts":6,"retryReasons":[],"status":"passed","title":"Invalid transitions must be rejected"},{"ancestorTitles":["Deployment State Machine & Lifecycle Unit Tests","Deployment Ownership checks"],"duration":1405,"failureDetails":[],"failureMessages":[],"fullName":"Deployment State Machine & Lifecycle Unit Tests Deployment Ownership checks Owner can access and cancel own deployment","invocations":1,"location":null,"numPassingAsserts":2,"retryReasons":[],"status":"passed","title":"Owner can access and cancel own deployment"},{"ancestorTitles":["Deployment State Machine & Lifecycle Unit Tests","Deployment Ownership checks"],"duration":97,"failureDetails":[],"failureMessages":[],"fullName":"Deployment State Machine & Lifecycle Unit Tests Deployment Ownership checks Another user cannot access or cancel the deployment","invocations":1,"location":null,"numPassingAsserts":2,"retryReasons":[],"status":"passed","title":"Another user cannot access or cancel the deployment"},{"ancestorTitles":["Deployment State Machine & Lifecycle Unit Tests","Promotion and Rollback logic"],"duration":3,"failureDetails":[],"failureMessages":[],"fullName":"Deployment State Machine & Lifecycle Unit Tests Promotion and Rollback logic Ready deployment with artifact can be promoted","invocations":1,"location":null,"numPassingAsserts":4,"retryReasons":[],"status":"passed","title":"Ready deployment with artifact can be promoted"},{"ancestorTitles":["Deployment State Machine & Lifecycle Unit Tests","Promotion and Rollback logic"],"duration":5,"failureDetails":[],"failureMessages":[],"fullName":"Deployment State Machine & Lifecycle Unit Tests Promotion and Rollback logic Non-ready or missing-artifact deployments are rejected for promotion","invocations":1,"location":null,"numPassingAsserts":2,"retryReasons":[],"status":"passed","title":"Non-ready or missing-artifact deployments are rejected for promotion"},{"ancestorTitles":["Deployment State Machine & Lifecycle Unit Tests","Promotion and Rollback logic"],"duration":2,"failureDetails":[],"failureMessages":[],"fullName":"Deployment State Machine & Lifecycle Unit Tests Promotion and Rollback logic Cross-project and cross-user promotion is rejected","invocations":1,"location":null,"numPassingAsserts":1,"retryReasons":[],"status":"passed","title":"Cross-project and cross-user promotion is rejected"},{"ancestorTitles":["Deployment State Machine & Lifecycle Unit Tests","Promotion and Rollback logic"],"duration":1,"failureDetails":[],"failureMessages":[],"fullName":"Deployment State Machine & Lifecycle Unit Tests Promotion and Rollback logic Repeated rollback/promotion to the current deployment is idempotent","invocations":1,"location":null,"numPassingAsserts":3,"retryReasons":[],"status":"passed","title":"Repeated rollback/promotion to the current deployment is idempotent"}],"endTime":1788793044795,"message":"","name":"C:\\Full Stack\\All Resume Projects\\deployx\\backend\\tests\\unit\\deployment_state.unit.test.js","startTime":1788793038648,"status":"passed","summary":""}],"wasInterrupted":false}
